<?xml version="1.0" encoding="utf-8"?><testsuites name="pytest tests"><testsuite name="pytest" errors="0" failures="0" skipped="0" tests="10" time="2.363" timestamp="2026-08-25T09:33:23.372987+00:00" hostname="agent-env-ea14bf1a-122b-4afb-b875-6fa74ed89aaf"><testcase classname="backend.tests.test_iteration22_whatsapp" name="test_platform_config_no_auth" time="0.337" /><testcase classname="backend.tests.test_iteration22_whatsapp" name="test_status_no_auth" time="0.129" /><testcase classname="backend.tests.test_iteration22_whatsapp" name="test_status_disconnected" time="0.520" /><testcase classname="backend.tests.test_iteration22_whatsapp" name="test_templates_no_auth" time="0.144" /><testcase classname="backend.tests.test_iteration22_whatsapp" name="test_templates_empty" time="0.144" /><testcase classname="backend.tests.test_iteration22_whatsapp" name="test_embedded_signup_returns_400_no_config" time="0.110" /><testcase classname="backend.tests.test_iteration22_whatsapp" name="test_disconnect_sets_disconnected" time="0.105" /><testcase classname="backend.tests.test_iteration22_whatsapp" name="test_admin_whatsapp_config_get" time="0.464" /><testcase classname="backend.tests.test_iteration22_whatsapp" name="test_admin_whatsapp_config_put_config_id" time="0.223" /><testcase classname="backend.tests.test_iteration22_whatsapp" name="test_meta_whatsapp_webhook_verify" time="0.129" /></testsuite></testsuites>