<?xml version="1.0" encoding="utf-8"?><testsuites name="pytest tests"><testsuite name="pytest" errors="0" failures="0" skipped="0" tests="5" time="1.388" timestamp="2026-08-25T10:21:48.425808+00:00" hostname="agent-env-ea14bf1a-122b-4afb-b875-6fa74ed89aaf"><testcase classname="backend.tests.test_ai_config" name="test_get_ai_config_default" time="0.665" /><testcase classname="backend.tests.test_ai_config" name="test_put_ai_config_saves_and_persists" time="0.258" /><testcase classname="backend.tests.test_ai_config" name="test_put_invalid_tone_returns_400" time="0.139" /><testcase classname="backend.tests.test_ai_config" name="test_get_unauthenticated_returns_401" time="0.146" /><testcase classname="backend.tests.test_ai_config" name="test_put_unauthenticated_returns_401" time="0.125" /></testsuite></testsuites>