<?xml version="1.0" encoding="utf-8"?><testsuites name="pytest tests"><testsuite name="pytest" errors="0" failures="2" skipped="0" tests="18" time="5.629" timestamp="2026-08-10T18:31:00.485018+00:00" hostname="agent-env-ea14bf1a-122b-4afb-b875-6fa74ed89aaf"><testcase classname="tests.test_iteration17_phase_c.TestPreConsultationIntake" name="test_01_create_appointment_records_pre_intake_dispatch" time="1.622" /><testcase classname="tests.test_iteration17_phase_c.TestPreConsultationIntake" name="test_02_save_pre_intake_persists_capture_metadata" time="0.287" /><testcase classname="tests.test_iteration17_phase_c.TestPreConsultationIntake" name="test_03_wrong_owner_cannot_capture_pre_intake" time="0.170" /><testcase classname="tests.test_iteration17_phase_c.TestPreConsultationIntake" name="test_04_non_string_pre_intake_is_validation_error" time="0.131"><failure message="AssertionError: Internal Server Error&#10;assert 500 in (400, 422)&#10; +  where 500 = &lt;Response [500]&gt;.status_code">tests/test_iteration17_phase_c.py:284: in test_04_non_string_pre_intake_is_validation_error
    assert response.status_code in (400, 422), response.text
E   AssertionError: Internal Server Error
E   assert 500 in (400, 422)
E    +  where 500 = &lt;Response [500]&gt;.status_code</failure></testcase><testcase classname="tests.test_iteration17_phase_c.TestGoogleReviewLoop" name="test_01_initial_review_settings_defaults" time="0.128" /><testcase classname="tests.test_iteration17_phase_c.TestGoogleReviewLoop" name="test_02_save_and_fetch_review_settings" time="0.269" /><testcase classname="tests.test_iteration17_phase_c.TestGoogleReviewLoop" name="test_03_review_settings_reject_invalid_url_and_delay" time="0.432" /><testcase classname="tests.test_iteration17_phase_c.TestGoogleReviewLoop" name="test_04_feedback_prompt_contains_configured_review_link" time="0.152"><failure message="ModuleNotFoundError: No module named 'routes'">tests/test_iteration17_phase_c.py:388: in test_04_feedback_prompt_contains_configured_review_link
    import routes.feedback as feedback_route
E   ModuleNotFoundError: No module named 'routes'</failure></testcase><testcase classname="tests.test_iteration17_phase_c.TestPublicUPIPaymentIntent" name="test_01_post_intent_requires_authentication" time="0.122" /><testcase classname="tests.test_iteration17_phase_c.TestPublicUPIPaymentIntent" name="test_02_create_and_persist_upi_intent" time="0.322" /><testcase classname="tests.test_iteration17_phase_c.TestPublicUPIPaymentIntent" name="test_03_public_get_intent_without_bearer_header" time="0.146" /><testcase classname="tests.test_iteration17_phase_c.TestPublicUPIPaymentIntent" name="test_04_public_get_nonexistent_is_404" time="0.132" /><testcase classname="tests.test_iteration17_phase_c.TestPhaseCRegressions" name="test_01_health_and_supplied_logins" time="0.108" /><testcase classname="tests.test_iteration17_phase_c.TestPhaseCRegressions" name="test_02_authenticated_list_endpoints[appointments]" time="0.143" /><testcase classname="tests.test_iteration17_phase_c.TestPhaseCRegressions" name="test_02_authenticated_list_endpoints[clients]" time="0.110" /><testcase classname="tests.test_iteration17_phase_c.TestPhaseCRegressions" name="test_03_payment_settings_get" time="0.229" /><testcase classname="tests.test_iteration17_phase_c.TestPhaseCRegressions" name="test_04_paid_receipt_reports_false_without_twilio" time="0.519" /><testcase classname="tests.test_iteration17_phase_c.TestPhaseCRegressions" name="test_05_cash_overpayment_is_400_and_not_persisted" time="0.409" /></testsuite></testsuites>