<?xml version="1.0" encoding="utf-8"?><testsuites name="pytest tests"><testsuite name="pytest" errors="0" failures="0" skipped="0" tests="19" time="15.399" timestamp="2026-08-25T12:03:23.662867+00:00" hostname="agent-env-ea14bf1a-122b-4afb-b875-6fa74ed89aaf"><testcase classname="backend.tests.test_security_iteration27.TestChangePassword" name="test_unauthenticated_returns_401" time="0.196" /><testcase classname="backend.tests.test_security_iteration27.TestChangePassword" name="test_wrong_current_password_returns_400" time="0.771" /><testcase classname="backend.tests.test_security_iteration27.TestChangePassword" name="test_weak_password_no_special_char_returns_400" time="0.121" /><testcase classname="backend.tests.test_security_iteration27.TestChangePassword" name="test_mismatched_confirm_returns_400" time="0.117" /><testcase classname="backend.tests.test_security_iteration27.TestSessions" name="test_get_sessions_returns_list" time="0.161" /><testcase classname="backend.tests.test_security_iteration27.TestSessions" name="test_unauthenticated_returns_401" time="0.134" /><testcase classname="backend.tests.test_security_iteration27.TestLogoutAll" name="test_logout_all_returns_new_token" time="0.176" /><testcase classname="backend.tests.test_security_iteration27.Test2FA" name="test_setup_2fa_returns_secret_and_qr" time="0.499" /><testcase classname="backend.tests.test_security_iteration27.Test2FA" name="test_disable_2fa" time="0.469" /><testcase classname="backend.tests.test_security_iteration27.TestAdminSuspend" name="test_non_admin_cant_access" time="0.899" /><testcase classname="backend.tests.test_security_iteration27.TestAdminSuspend" name="test_suspend_unknown_user_404" time="0.122" /><testcase classname="backend.tests.test_security_iteration27.TestAdminSuspend" name="test_suspend_and_unsuspend" time="0.630" /><testcase classname="backend.tests.test_security_iteration27.TestAdminSetRole" name="test_invalid_role_returns_400" time="0.273" /><testcase classname="backend.tests.test_security_iteration27.TestAdminSetRole" name="test_set_valid_role" time="0.267" /><testcase classname="backend.tests.test_security_iteration27.TestAdminAuditLogs" name="test_non_admin_returns_403" time="0.529" /><testcase classname="backend.tests.test_security_iteration27.TestAdminAuditLogs" name="test_admin_returns_paginated_logs" time="0.158" /><testcase classname="backend.tests.test_security_iteration27.TestResetPassword" name="test_invalid_token_returns_400" time="0.149" /><testcase classname="backend.tests.test_security_iteration27.TestResetPassword" name="test_mismatched_passwords_returns_400" time="0.142" /><testcase classname="backend.tests.test_security_iteration27.TestAdminResetPasswordTrigger" name="test_trigger_returns_reset_url" time="9.509" /></testsuite></testsuites>