<?xml version="1.0" encoding="utf-8"?><testsuites name="pytest tests"><testsuite name="pytest" errors="29" failures="2" skipped="12" tests="112" time="32.258" timestamp="2026-05-18T13:52:59.758937+00:00" hostname="agent-env-ea14bf1a-122b-4afb-b875-6fa74ed89aaf"><testcase classname="tests.test_consultation_notes_and_health.TestConsultationNotes" name="test_create_note_doctor_ok_no_id_leak" time="0.728" /><testcase classname="tests.test_consultation_notes_and_health.TestConsultationNotes" name="test_list_notes_scoped" time="0.169" /><testcase classname="tests.test_consultation_notes_and_health.TestConsultationNotes" name="test_by_appointment_filter" time="0.157" /><testcase classname="tests.test_consultation_notes_and_health.TestConsultationNotes" name="test_update_note" time="0.172" /><testcase classname="tests.test_consultation_notes_and_health.TestConsultationNotes" name="test_update_note_empty_400" time="0.157" /><testcase classname="tests.test_consultation_notes_and_health.TestConsultationNotes" name="test_update_note_not_found_404" time="0.164" /><testcase classname="tests.test_consultation_notes_and_health.TestConsultationNotes" name="test_recep_blocked_list" time="0.909" /><testcase classname="tests.test_consultation_notes_and_health.TestConsultationNotes" name="test_recep_blocked_create" time="0.158" /><testcase classname="tests.test_consultation_notes_and_health.TestConsultationNotes" name="test_recep_blocked_by_appt" time="0.147" /><testcase classname="tests.test_consultation_notes_and_health.TestConsultationNotes" name="test_recep_blocked_update" time="0.162" /><testcase classname="tests.test_consultation_notes_and_health.TestSchedulerHealth" name="test_scheduler_health_shape" time="0.165" /><testcase classname="tests.test_consultation_notes_and_health.TestSchedulerHealth" name="test_scheduler_med_reminders_recorded" time="0.154" /><testcase classname="tests.test_consultation_notes_and_health.TestHexaOutbox" name="test_hexa_command_works" time="1.937" /><testcase classname="tests.test_consultation_notes_and_health.TestHexaOutbox" name="test_send_reminder_now_creates_outbox" time="3.629" /><testcase classname="tests.test_consultation_notes_and_health.TestRegression" name="test_transcribe_endpoint_reachable" time="0.171" /><testcase classname="tests.test_medication_reminders.TestFrequencyParser" name="test_parse_frequency_variants" time="0.271" /><testcase classname="tests.test_medication_reminders.TestDurationParser" name="test_parse_duration_variants" time="0.000" /><testcase classname="tests.test_medication_reminders.TestPrescriptionAutoSchedule" name="test_create_rx_schedules_reminders" time="0.880" /><testcase classname="tests.test_medication_reminders.TestPrescriptionAutoSchedule" name="test_empty_frequency_does_not_500" time="0.350" /><testcase classname="tests.test_medication_reminders.TestReminderCRUD" name="test_list_reminders_scoped" time="0.156" /><testcase classname="tests.test_medication_reminders.TestReminderCRUD" name="test_pause_resume_invalid" time="0.860" /><testcase classname="tests.test_medication_reminders.TestReminderCRUD" name="test_update_missing_404" time="0.170" /><testcase classname="tests.test_medication_reminders.TestReminderCRUD" name="test_delete_works_and_404" time="0.624" /><testcase classname="tests.test_medication_reminders.TestReceptionistPermissions" name="test_recep_can_list_parents_reminders" time="1.090" /><testcase classname="tests.test_medication_reminders.TestReceptionistPermissions" name="test_recep_cannot_touch_other_doctors_reminders" time="0.186" /><testcase classname="tests.test_medication_reminders.TestSendDueJob" name="test_sends_once_then_dedups_and_completes_past_endate" time="0.008" /><testcase classname="tests.test_medication_reminders.TestConsultationsPagination" name="test_paginated_shape" time="0.159" /><testcase classname="tests.test_medication_reminders.TestConsultationsPagination" name="test_limit_offset_honored" time="0.151" /><testcase classname="tests.test_medication_reminders.TestConsultationsPagination" name="test_limit_clamp" time="0.172" /><testcase classname="tests.test_patient_portal.TestIssueLink" name="test_issue_link_shape" time="1.031" /><testcase classname="tests.test_patient_portal.TestIssueLink" name="test_ttl_clamp_upper" time="0.151" /><testcase classname="tests.test_patient_portal.TestIssueLink" name="test_ttl_clamp_lower" time="0.153" /><testcase classname="tests.test_patient_portal.TestIssueLink" name="test_recep_blocked_issue" time="0.558"><error message="failed on setup with &quot;AssertionError: Recep login failed: {&quot;error&quot;:&quot;Rate limit exceeded: 5 per 1 minute&quot;}&#10;assert 429 == 200&#10; +  where 429 = &lt;Response [429]&gt;.status_code&quot;">tests/test_patient_portal.py:68: in recep_headers
    assert r2.status_code == 200, f"Recep login failed: {r2.text}"
E   AssertionError: Recep login failed: {"error":"Rate limit exceeded: 5 per 1 minute"}
E   assert 429 == 200
E    +  where 429 = &lt;Response [429]&gt;.status_code</error></testcase><testcase classname="tests.test_patient_portal.TestIssueLink" name="test_recep_blocked_list" time="0.000"><error message="failed on setup with &quot;AssertionError: Recep login failed: {&quot;error&quot;:&quot;Rate limit exceeded: 5 per 1 minute&quot;}&#10;assert 429 == 200&#10; +  where 429 = &lt;Response [429]&gt;.status_code&quot;">tests/test_patient_portal.py:68: in recep_headers
    assert r2.status_code == 200, f"Recep login failed: {r2.text}"
E   AssertionError: Recep login failed: {"error":"Rate limit exceeded: 5 per 1 minute"}
E   assert 429 == 200
E    +  where 429 = &lt;Response [429]&gt;.status_code</error></testcase><testcase classname="tests.test_patient_portal.TestIssueLink" name="test_recep_blocked_revoke" time="0.000"><error message="failed on setup with &quot;AssertionError: Recep login failed: {&quot;error&quot;:&quot;Rate limit exceeded: 5 per 1 minute&quot;}&#10;assert 429 == 200&#10; +  where 429 = &lt;Response [429]&gt;.status_code&quot;">tests/test_patient_portal.py:68: in recep_headers
    assert r2.status_code == 200, f"Recep login failed: {r2.text}"
E   AssertionError: Recep login failed: {"error":"Rate limit exceeded: 5 per 1 minute"}
E   assert 429 == 200
E    +  where 429 = &lt;Response [429]&gt;.status_code</error></testcase><testcase classname="tests.test_patient_portal.TestListLinks" name="test_list_includes_issued" time="0.188" /><testcase classname="tests.test_patient_portal.TestPublicEndpoints" name="test_profile_no_auth" time="0.168" /><testcase classname="tests.test_patient_portal.TestPublicEndpoints" name="test_prescriptions_no_auth_and_privacy" time="0.176" /><testcase classname="tests.test_patient_portal.TestPublicEndpoints" name="test_consultation_notes_no_auth_and_privacy" time="0.173" /><testcase classname="tests.test_patient_portal.TestPublicEndpoints" name="test_appointments_no_auth" time="0.152" /><testcase classname="tests.test_patient_portal.TestPublicEndpoints" name="test_medications_no_auth" time="0.164" /><testcase classname="tests.test_patient_portal.TestPublicEndpoints" name="test_payments_no_auth" time="0.163" /><testcase classname="tests.test_patient_portal.TestNegativeCases" name="test_bad_token_404" time="0.158" /><testcase classname="tests.test_patient_portal.TestNegativeCases" name="test_short_token_404" time="0.152" /><testcase classname="tests.test_patient_portal.TestNegativeCases" name="test_expired_token_410" time="0.164"><failure message="RuntimeError: Event loop is closed">tests/test_patient_portal.py:260: in test_expired_token_410
    result = loop.run_until_complete(_update())
             ^^^^^^^^^^^^^^^^^^^^^^^^^^^^^^^^^^
/usr/local/lib/python3.11/asyncio/base_events.py:654: in run_until_complete
    return future.result()
           ^^^^^^^^^^^^^^^
tests/test_patient_portal.py:256: in _update
    return await db.patient_portal_tokens.update_one({"token": tok}, {"$set": {"expires_at": past}})
                 ^^^^^^^^^^^^^^^^^^^^^^^^^^^^^^^^^^^^^^^^^^^^^^^^^^^^^^^^^^^^^^^^^^^^^^^^^^^^^^^^^^^
/root/.venv/lib/python3.11/site-packages/motor/metaprogramming.py:74: in method
    return framework.run_on_executor(
/root/.venv/lib/python3.11/site-packages/motor/frameworks/asyncio/__init__.py:85: in run_on_executor
    return loop.run_in_executor(_EXECUTOR, functools.partial(fn, *args, **kwargs))
           ^^^^^^^^^^^^^^^^^^^^^^^^^^^^^^^^^^^^^^^^^^^^^^^^^^^^^^^^^^^^^^^^^^^^^^^
/usr/local/lib/python3.11/asyncio/base_events.py:817: in run_in_executor
    self._check_closed()
/usr/local/lib/python3.11/asyncio/base_events.py:520: in _check_closed
    raise RuntimeError('Event loop is closed')
E   RuntimeError: Event loop is closed</failure></testcase><testcase classname="tests.test_patient_portal.TestZRevoke" name="test_revoke_then_410" time="0.835" /><testcase classname="tests.test_patient_portal.TestZRevoke" name="test_revoke_unknown_token_404" time="0.156" /><testcase classname="tests.test_phase23.TestConsultations" name="test_create_list_get_update" time="0.154"><error message="failed on setup with &quot;AssertionError: Login failed: {&quot;error&quot;:&quot;Rate limit exceeded: 5 per 1 minute&quot;}&#10;assert 429 == 200&#10; +  where 429 = &lt;Response [429]&gt;.status_code&quot;">tests/test_phase23.py:22: in doctor_token
    assert r.status_code == 200, f"Login failed: {r.text}"
E   AssertionError: Login failed: {"error":"Rate limit exceeded: 5 per 1 minute"}
E   assert 429 == 200
E    +  where 429 = &lt;Response [429]&gt;.status_code</error></testcase><testcase classname="tests.test_phase23.TestConsultations" name="test_get_404" time="0.000"><error message="failed on setup with &quot;AssertionError: Login failed: {&quot;error&quot;:&quot;Rate limit exceeded: 5 per 1 minute&quot;}&#10;assert 429 == 200&#10; +  where 429 = &lt;Response [429]&gt;.status_code&quot;">tests/test_phase23.py:22: in doctor_token
    assert r.status_code == 200, f"Login failed: {r.text}"
E   AssertionError: Login failed: {"error":"Rate limit exceeded: 5 per 1 minute"}
E   assert 429 == 200
E    +  where 429 = &lt;Response [429]&gt;.status_code</error></testcase><testcase classname="tests.test_phase23.TestSOAP" name="test_soap_empty_400" time="0.000"><error message="failed on setup with &quot;AssertionError: Login failed: {&quot;error&quot;:&quot;Rate limit exceeded: 5 per 1 minute&quot;}&#10;assert 429 == 200&#10; +  where 429 = &lt;Response [429]&gt;.status_code&quot;">tests/test_phase23.py:22: in doctor_token
    assert r.status_code == 200, f"Login failed: {r.text}"
E   AssertionError: Login failed: {"error":"Rate limit exceeded: 5 per 1 minute"}
E   assert 429 == 200
E    +  where 429 = &lt;Response [429]&gt;.status_code</error></testcase><testcase classname="tests.test_phase23.TestSOAP" name="test_soap_generation_structure" time="0.000"><error message="failed on setup with &quot;AssertionError: Login failed: {&quot;error&quot;:&quot;Rate limit exceeded: 5 per 1 minute&quot;}&#10;assert 429 == 200&#10; +  where 429 = &lt;Response [429]&gt;.status_code&quot;">tests/test_phase23.py:22: in doctor_token
    assert r.status_code == 200, f"Login failed: {r.text}"
E   AssertionError: Login failed: {"error":"Rate limit exceeded: 5 per 1 minute"}
E   assert 429 == 200
E    +  where 429 = &lt;Response [429]&gt;.status_code</error></testcase><testcase classname="tests.test_phase23.TestTranscribeErrors" name="test_transcribe_no_file_422" time="0.000"><error message="failed on setup with &quot;AssertionError: Login failed: {&quot;error&quot;:&quot;Rate limit exceeded: 5 per 1 minute&quot;}&#10;assert 429 == 200&#10; +  where 429 = &lt;Response [429]&gt;.status_code&quot;">tests/test_phase23.py:22: in doctor_token
    assert r.status_code == 200, f"Login failed: {r.text}"
E   AssertionError: Login failed: {"error":"Rate limit exceeded: 5 per 1 minute"}
E   assert 429 == 200
E    +  where 429 = &lt;Response [429]&gt;.status_code</error></testcase><testcase classname="tests.test_phase23.TestTranscribeErrors" name="test_transcribe_empty_file_400" time="0.000"><error message="failed on setup with &quot;AssertionError: Login failed: {&quot;error&quot;:&quot;Rate limit exceeded: 5 per 1 minute&quot;}&#10;assert 429 == 200&#10; +  where 429 = &lt;Response [429]&gt;.status_code&quot;">tests/test_phase23.py:22: in doctor_token
    assert r.status_code == 200, f"Login failed: {r.text}"
E   AssertionError: Login failed: {"error":"Rate limit exceeded: 5 per 1 minute"}
E   assert 429 == 200
E    +  where 429 = &lt;Response [429]&gt;.status_code</error></testcase><testcase classname="tests.test_phase23.TestOPD" name="test_opd_structure_and_tier" time="0.000"><error message="failed on setup with &quot;AssertionError: Login failed: {&quot;error&quot;:&quot;Rate limit exceeded: 5 per 1 minute&quot;}&#10;assert 429 == 200&#10; +  where 429 = &lt;Response [429]&gt;.status_code&quot;">tests/test_phase23.py:22: in doctor_token
    assert r.status_code == 200, f"Login failed: {r.text}"
E   AssertionError: Login failed: {"error":"Rate limit exceeded: 5 per 1 minute"}
E   assert 429 == 200
E    +  where 429 = &lt;Response [429]&gt;.status_code</error></testcase><testcase classname="tests.test_phase23.TestClinics" name="test_create_and_list" time="0.000"><error message="failed on setup with &quot;AssertionError: Login failed: {&quot;error&quot;:&quot;Rate limit exceeded: 5 per 1 minute&quot;}&#10;assert 429 == 200&#10; +  where 429 = &lt;Response [429]&gt;.status_code&quot;">tests/test_phase23.py:22: in doctor_token
    assert r.status_code == 200, f"Login failed: {r.text}"
E   AssertionError: Login failed: {"error":"Rate limit exceeded: 5 per 1 minute"}
E   assert 429 == 200
E    +  where 429 = &lt;Response [429]&gt;.status_code</error></testcase><testcase classname="tests.test_phase23.TestClinics" name="test_update_clinic" time="0.000"><error message="failed on setup with &quot;AssertionError: Login failed: {&quot;error&quot;:&quot;Rate limit exceeded: 5 per 1 minute&quot;}&#10;assert 429 == 200&#10; +  where 429 = &lt;Response [429]&gt;.status_code&quot;">tests/test_phase23.py:22: in doctor_token
    assert r.status_code == 200, f"Login failed: {r.text}"
E   AssertionError: Login failed: {"error":"Rate limit exceeded: 5 per 1 minute"}
E   assert 429 == 200
E    +  where 429 = &lt;Response [429]&gt;.status_code</error></testcase><testcase classname="tests.test_phase23.TestClinics" name="test_update_no_changes_400" time="0.000"><error message="failed on setup with &quot;AssertionError: Login failed: {&quot;error&quot;:&quot;Rate limit exceeded: 5 per 1 minute&quot;}&#10;assert 429 == 200&#10; +  where 429 = &lt;Response [429]&gt;.status_code&quot;">tests/test_phase23.py:22: in doctor_token
    assert r.status_code == 200, f"Login failed: {r.text}"
E   AssertionError: Login failed: {"error":"Rate limit exceeded: 5 per 1 minute"}
E   assert 429 == 200
E    +  where 429 = &lt;Response [429]&gt;.status_code</error></testcase><testcase classname="tests.test_phase23.TestClinics" name="test_delete_nonexistent_404" time="0.000"><error message="failed on setup with &quot;AssertionError: Login failed: {&quot;error&quot;:&quot;Rate limit exceeded: 5 per 1 minute&quot;}&#10;assert 429 == 200&#10; +  where 429 = &lt;Response [429]&gt;.status_code&quot;">tests/test_phase23.py:22: in doctor_token
    assert r.status_code == 200, f"Login failed: {r.text}"
E   AssertionError: Login failed: {"error":"Rate limit exceeded: 5 per 1 minute"}
E   assert 429 == 200
E    +  where 429 = &lt;Response [429]&gt;.status_code</error></testcase><testcase classname="tests.test_phase23.TestSubUsers" name="test_max_2_per_clinic" time="0.000"><error message="failed on setup with &quot;AssertionError: Login failed: {&quot;error&quot;:&quot;Rate limit exceeded: 5 per 1 minute&quot;}&#10;assert 429 == 200&#10; +  where 429 = &lt;Response [429]&gt;.status_code&quot;">tests/test_phase23.py:22: in doctor_token
    assert r.status_code == 200, f"Login failed: {r.text}"
E   AssertionError: Login failed: {"error":"Rate limit exceeded: 5 per 1 minute"}
E   assert 429 == 200
E    +  where 429 = &lt;Response [429]&gt;.status_code</error></testcase><testcase classname="tests.test_phase23.TestSubUsers" name="test_email_unique" time="0.000"><error message="failed on setup with &quot;AssertionError: Login failed: {&quot;error&quot;:&quot;Rate limit exceeded: 5 per 1 minute&quot;}&#10;assert 429 == 200&#10; +  where 429 = &lt;Response [429]&gt;.status_code&quot;">tests/test_phase23.py:22: in doctor_token
    assert r.status_code == 200, f"Login failed: {r.text}"
E   AssertionError: Login failed: {"error":"Rate limit exceeded: 5 per 1 minute"}
E   assert 429 == 200
E    +  where 429 = &lt;Response [429]&gt;.status_code</error></testcase><testcase classname="tests.test_phase23.TestSubUsers" name="test_password_strength" time="0.000"><error message="failed on setup with &quot;AssertionError: Login failed: {&quot;error&quot;:&quot;Rate limit exceeded: 5 per 1 minute&quot;}&#10;assert 429 == 200&#10; +  where 429 = &lt;Response [429]&gt;.status_code&quot;">tests/test_phase23.py:22: in doctor_token
    assert r.status_code == 200, f"Login failed: {r.text}"
E   AssertionError: Login failed: {"error":"Rate limit exceeded: 5 per 1 minute"}
E   assert 429 == 200
E    +  where 429 = &lt;Response [429]&gt;.status_code</error></testcase><testcase classname="tests.test_phase23.TestSubUsers" name="test_delete_not_yours_404" time="0.000"><error message="failed on setup with &quot;AssertionError: Login failed: {&quot;error&quot;:&quot;Rate limit exceeded: 5 per 1 minute&quot;}&#10;assert 429 == 200&#10; +  where 429 = &lt;Response [429]&gt;.status_code&quot;">tests/test_phase23.py:22: in doctor_token
    assert r.status_code == 200, f"Login failed: {r.text}"
E   AssertionError: Login failed: {"error":"Rate limit exceeded: 5 per 1 minute"}
E   assert 429 == 200
E    +  where 429 = &lt;Response [429]&gt;.status_code</error></testcase><testcase classname="tests.test_phase23.TestReceptionistBoundary" name="test_appointments_clients_allowed" time="0.000"><error message="failed on setup with &quot;AssertionError: Login failed: {&quot;error&quot;:&quot;Rate limit exceeded: 5 per 1 minute&quot;}&#10;assert 429 == 200&#10; +  where 429 = &lt;Response [429]&gt;.status_code&quot;">tests/test_phase23.py:22: in doctor_token
    assert r.status_code == 200, f"Login failed: {r.text}"
E   AssertionError: Login failed: {"error":"Rate limit exceeded: 5 per 1 minute"}
E   assert 429 == 200
E    +  where 429 = &lt;Response [429]&gt;.status_code</error></testcase><testcase classname="tests.test_phase23.TestReceptionistBoundary" name="test_blocked_endpoints_403" time="0.000"><error message="failed on setup with &quot;AssertionError: Login failed: {&quot;error&quot;:&quot;Rate limit exceeded: 5 per 1 minute&quot;}&#10;assert 429 == 200&#10; +  where 429 = &lt;Response [429]&gt;.status_code&quot;">tests/test_phase23.py:22: in doctor_token
    assert r.status_code == 200, f"Login failed: {r.text}"
E   AssertionError: Login failed: {"error":"Rate limit exceeded: 5 per 1 minute"}
E   assert 429 == 200
E    +  where 429 = &lt;Response [429]&gt;.status_code</error></testcase><testcase classname="tests.test_phase23.TestReceptionistBoundary" name="test_prescription_create_blocked_403" time="0.000"><error message="failed on setup with &quot;AssertionError: Login failed: {&quot;error&quot;:&quot;Rate limit exceeded: 5 per 1 minute&quot;}&#10;assert 429 == 200&#10; +  where 429 = &lt;Response [429]&gt;.status_code&quot;">tests/test_phase23.py:22: in doctor_token
    assert r.status_code == 200, f"Login failed: {r.text}"
E   AssertionError: Login failed: {"error":"Rate limit exceeded: 5 per 1 minute"}
E   assert 429 == 200
E    +  where 429 = &lt;Response [429]&gt;.status_code</error></testcase><testcase classname="tests.test_phase23.TestReceptionistBoundary" name="test_receptionist_sees_parent_appointment" time="0.000"><error message="failed on setup with &quot;AssertionError: Login failed: {&quot;error&quot;:&quot;Rate limit exceeded: 5 per 1 minute&quot;}&#10;assert 429 == 200&#10; +  where 429 = &lt;Response [429]&gt;.status_code&quot;">tests/test_phase23.py:22: in doctor_token
    assert r.status_code == 200, f"Login failed: {r.text}"
E   AssertionError: Login failed: {"error":"Rate limit exceeded: 5 per 1 minute"}
E   assert 429 == 200
E    +  where 429 = &lt;Response [429]&gt;.status_code</error></testcase><testcase classname="tests.test_phase23.TestHexa" name="test_empty_400" time="0.000"><error message="failed on setup with &quot;AssertionError: Login failed: {&quot;error&quot;:&quot;Rate limit exceeded: 5 per 1 minute&quot;}&#10;assert 429 == 200&#10; +  where 429 = &lt;Response [429]&gt;.status_code&quot;">tests/test_phase23.py:22: in doctor_token
    assert r.status_code == 200, f"Login failed: {r.text}"
E   AssertionError: Login failed: {"error":"Rate limit exceeded: 5 per 1 minute"}
E   assert 429 == 200
E    +  where 429 = &lt;Response [429]&gt;.status_code</error></testcase><testcase classname="tests.test_phase23.TestHexa" name="test_readonly_intents_execute[show today's appointments]" time="0.000"><error message="failed on setup with &quot;AssertionError: Login failed: {&quot;error&quot;:&quot;Rate limit exceeded: 5 per 1 minute&quot;}&#10;assert 429 == 200&#10; +  where 429 = &lt;Response [429]&gt;.status_code&quot;">tests/test_phase23.py:22: in doctor_token
    assert r.status_code == 200, f"Login failed: {r.text}"
E   AssertionError: Login failed: {"error":"Rate limit exceeded: 5 per 1 minute"}
E   assert 429 == 200
E    +  where 429 = &lt;Response [429]&gt;.status_code</error></testcase><testcase classname="tests.test_phase23.TestHexa" name="test_readonly_intents_execute[show unpaid invoices]" time="0.000"><error message="failed on setup with &quot;AssertionError: Login failed: {&quot;error&quot;:&quot;Rate limit exceeded: 5 per 1 minute&quot;}&#10;assert 429 == 200&#10; +  where 429 = &lt;Response [429]&gt;.status_code&quot;">tests/test_phase23.py:22: in doctor_token
    assert r.status_code == 200, f"Login failed: {r.text}"
E   AssertionError: Login failed: {"error":"Rate limit exceeded: 5 per 1 minute"}
E   assert 429 == 200
E    +  where 429 = &lt;Response [429]&gt;.status_code</error></testcase><testcase classname="tests.test_phase23.TestHexa" name="test_readonly_intents_execute[summarize day]" time="0.000"><error message="failed on setup with &quot;AssertionError: Login failed: {&quot;error&quot;:&quot;Rate limit exceeded: 5 per 1 minute&quot;}&#10;assert 429 == 200&#10; +  where 429 = &lt;Response [429]&gt;.status_code&quot;">tests/test_phase23.py:22: in doctor_token
    assert r.status_code == 200, f"Login failed: {r.text}"
E   AssertionError: Login failed: {"error":"Rate limit exceeded: 5 per 1 minute"}
E   assert 429 == 200
E    +  where 429 = &lt;Response [429]&gt;.status_code</error></testcase><testcase classname="tests.test_phase23.TestHexa" name="test_readonly_intents_execute[search patient John]" time="0.000"><error message="failed on setup with &quot;AssertionError: Login failed: {&quot;error&quot;:&quot;Rate limit exceeded: 5 per 1 minute&quot;}&#10;assert 429 == 200&#10; +  where 429 = &lt;Response [429]&gt;.status_code&quot;">tests/test_phase23.py:22: in doctor_token
    assert r.status_code == 200, f"Login failed: {r.text}"
E   AssertionError: Login failed: {"error":"Rate limit exceeded: 5 per 1 minute"}
E   assert 429 == 200
E    +  where 429 = &lt;Response [429]&gt;.status_code</error></testcase><testcase classname="tests.test_phase23.TestHexa" name="test_send_reminder_requires_confirmation" time="0.000"><error message="failed on setup with &quot;AssertionError: Login failed: {&quot;error&quot;:&quot;Rate limit exceeded: 5 per 1 minute&quot;}&#10;assert 429 == 200&#10; +  where 429 = &lt;Response [429]&gt;.status_code&quot;">tests/test_phase23.py:22: in doctor_token
    assert r.status_code == 200, f"Login failed: {r.text}"
E   AssertionError: Login failed: {"error":"Rate limit exceeded: 5 per 1 minute"}
E   assert 429 == 200
E    +  where 429 = &lt;Response [429]&gt;.status_code</error></testcase><testcase classname="tests.test_phase23.TestHexa" name="test_update_bot_instructions_requires_confirmation" time="0.000"><error message="failed on setup with &quot;AssertionError: Login failed: {&quot;error&quot;:&quot;Rate limit exceeded: 5 per 1 minute&quot;}&#10;assert 429 == 200&#10; +  where 429 = &lt;Response [429]&gt;.status_code&quot;">tests/test_phase23.py:22: in doctor_token
    assert r.status_code == 200, f"Login failed: {r.text}"
E   AssertionError: Login failed: {"error":"Rate limit exceeded: 5 per 1 minute"}
E   assert 429 == 200
E    +  where 429 = &lt;Response [429]&gt;.status_code</error></testcase><testcase classname="tests.test_phase23.TestUnauth" name="test_consultations_no_auth_401" time="0.156" /><testcase classname="tests.test_prescription_phase1.TestDrugInteractions" name="test_interacting_drugs_warfarin_aspirin" time="0.155"><skipped type="pytest.skip" message="Doctor login failed: 429 {&quot;error&quot;:&quot;Rate limit exceeded: 5 per 1 minute&quot;}">/app/backend/tests/test_prescription_phase1.py:60: Doctor login failed: 429 {"error":"Rate limit exceeded: 5 per 1 minute"}</skipped></testcase><testcase classname="tests.test_prescription_phase1.TestDrugInteractions" name="test_non_interacting_single_drug" time="0.000"><skipped type="pytest.skip" message="Doctor login failed: 429 {&quot;error&quot;:&quot;Rate limit exceeded: 5 per 1 minute&quot;}">/app/backend/tests/test_prescription_phase1.py:80: Doctor login failed: 429 {"error":"Rate limit exceeded: 5 per 1 minute"}</skipped></testcase><testcase classname="tests.test_prescription_phase1.TestDrugInteractions" name="test_empty_medications" time="0.000"><skipped type="pytest.skip" message="Doctor login failed: 429 {&quot;error&quot;:&quot;Rate limit exceeded: 5 per 1 minute&quot;}">/app/backend/tests/test_prescription_phase1.py:94: Doctor login failed: 429 {"error":"Rate limit exceeded: 5 per 1 minute"}</skipped></testcase><testcase classname="tests.test_prescription_phase1.TestDrugInteractions" name="test_unauthenticated" time="0.161" /><testcase classname="tests.test_prescription_phase1.TestTranscribe" name="test_no_file_returns_422" time="0.000"><skipped type="pytest.skip" message="Doctor login failed: 429 {&quot;error&quot;:&quot;Rate limit exceeded: 5 per 1 minute&quot;}">/app/backend/tests/test_prescription_phase1.py:108: Doctor login failed: 429 {"error":"Rate limit exceeded: 5 per 1 minute"}</skipped></testcase><testcase classname="tests.test_prescription_phase1.TestTranscribe" name="test_empty_file_returns_400" time="0.000"><skipped type="pytest.skip" message="Doctor login failed: 429 {&quot;error&quot;:&quot;Rate limit exceeded: 5 per 1 minute&quot;}">/app/backend/tests/test_prescription_phase1.py:118: Doctor login failed: 429 {"error":"Rate limit exceeded: 5 per 1 minute"}</skipped></testcase><testcase classname="tests.test_prescription_phase1.TestTranscribe" name="test_unauthenticated_returns_401" time="0.187" /><testcase classname="tests.test_prescription_phase1.TestPrivateNotesHistory" name="test_returns_empty_for_unknown_patient" time="0.000"><skipped type="pytest.skip" message="Doctor login failed: 429 {&quot;error&quot;:&quot;Rate limit exceeded: 5 per 1 minute&quot;}">/app/backend/tests/test_prescription_phase1.py:138: Doctor login failed: 429 {"error":"Rate limit exceeded: 5 per 1 minute"}</skipped></testcase><testcase classname="tests.test_prescription_phase1.TestPrivateNotesHistory" name="test_unauthenticated" time="0.164" /><testcase classname="tests.test_prescription_phase1.TestCreatePrescriptionPhase1" name="test_create_with_private_notes_and_tapering_and_abha_false" time="0.000"><skipped type="pytest.skip" message="Doctor login failed: 429 {&quot;error&quot;:&quot;Rate limit exceeded: 5 per 1 minute&quot;}">/app/backend/tests/test_prescription_phase1.py:155: Doctor login failed: 429 {"error":"Rate limit exceeded: 5 per 1 minute"}</skipped></testcase><testcase classname="tests.test_prescription_phase1.TestCreatePrescriptionPhase1" name="test_private_notes_history_now_contains_new_note" time="0.000"><skipped type="pytest.skip" message="Doctor login failed: 429 {&quot;error&quot;:&quot;Rate limit exceeded: 5 per 1 minute&quot;}">/app/backend/tests/test_prescription_phase1.py:206: Doctor login failed: 429 {"error":"Rate limit exceeded: 5 per 1 minute"}</skipped></testcase><testcase classname="tests.test_prescription_phase1.TestCreatePrescriptionPhase1" name="test_prescription_text_excludes_private_notes" time="0.000"><skipped type="pytest.skip" message="Doctor login failed: 429 {&quot;error&quot;:&quot;Rate limit exceeded: 5 per 1 minute&quot;}">/app/backend/tests/test_prescription_phase1.py:216: Doctor login failed: 429 {"error":"Rate limit exceeded: 5 per 1 minute"}</skipped></testcase><testcase classname="tests.test_prescription_phase1.TestAbhaLinking" name="test_link_abha_400_when_patient_has_no_abha" time="0.000"><skipped type="pytest.skip" message="Doctor login failed: 429 {&quot;error&quot;:&quot;Rate limit exceeded: 5 per 1 minute&quot;}">/app/backend/tests/test_prescription_phase1.py:235: Doctor login failed: 429 {"error":"Rate limit exceeded: 5 per 1 minute"}</skipped></testcase><testcase classname="tests.test_prescription_phase1.TestAbhaLinking" name="test_link_abha_200_after_adding_abha_to_patient" time="0.000"><skipped type="pytest.skip" message="Doctor login failed: 429 {&quot;error&quot;:&quot;Rate limit exceeded: 5 per 1 minute&quot;}">/app/backend/tests/test_prescription_phase1.py:241: Doctor login failed: 429 {"error":"Rate limit exceeded: 5 per 1 minute"}</skipped></testcase><testcase classname="tests.test_prescription_phase1.TestAbhaLinking" name="test_create_prescription_links_abha_when_present" time="0.000"><skipped type="pytest.skip" message="Doctor login failed: 429 {&quot;error&quot;:&quot;Rate limit exceeded: 5 per 1 minute&quot;}">/app/backend/tests/test_prescription_phase1.py:262: Doctor login failed: 429 {"error":"Rate limit exceeded: 5 per 1 minute"}</skipped></testcase><testcase classname="tests.test_refactor_regression.TestPreexistingRoutes" name="test_login_returns_token" time="0.152"><failure message="assert 429 == 200&#10; +  where 429 = &lt;Response [429]&gt;.status_code">tests/test_refactor_regression.py:58: in test_login_returns_token
    assert r.status_code == 200
E   assert 429 == 200
E    +  where 429 = &lt;Response [429]&gt;.status_code</failure></testcase><testcase classname="tests.test_refactor_regression.TestPreexistingRoutes" name="test_auth_me" time="0.535" /><testcase classname="tests.test_refactor_regression.TestPreexistingRoutes" name="test_appointments_list" time="0.207" /><testcase classname="tests.test_refactor_regression.TestPreexistingRoutes" name="test_clients_list" time="0.161" /><testcase classname="tests.test_refactor_regression.TestPreexistingRoutes" name="test_dashboard_analytics" time="0.176" /><testcase classname="tests.test_refactor_regression.TestPreexistingRoutes" name="test_admin_users" time="0.561" /><testcase classname="tests.test_refactor_regression.TestExtractedRoutersMounted" name="test_prescriptions_list" time="0.160" /><testcase classname="tests.test_refactor_regression.TestExtractedRoutersMounted" name="test_consultations_list" time="0.159" /><testcase classname="tests.test_refactor_regression.TestExtractedRoutersMounted" name="test_clinics_list" time="0.165" /><testcase classname="tests.test_refactor_regression.TestExtractedRoutersMounted" name="test_clinics_sub_users" time="0.162" /><testcase classname="tests.test_refactor_regression.TestExtractedRoutersMounted" name="test_opd_analytics_tier" time="0.161" /><testcase classname="tests.test_refactor_regression.TestExtractedRoutersMounted" name="test_drug_interactions" time="1.095" /><testcase classname="tests.test_refactor_regression.TestRefactorBehaviors" name="test_empty_email_coerces_to_none" time="0.323" /><testcase classname="tests.test_refactor_regression.TestRefactorBehaviors" name="test_hexa_search_patient_regex_metacharacters[O'Brien]" time="1.398" /><testcase classname="tests.test_refactor_regression.TestRefactorBehaviors" name="test_hexa_search_patient_regex_metacharacters[a.b*c]" time="1.133" /><testcase classname="tests.test_refactor_regression.TestRefactorBehaviors" name="test_hexa_search_patient_regex_metacharacters[(test)+]" time="0.963" /><testcase classname="tests.test_refactor_regression.TestRefactorBehaviors" name="test_hexa_search_patient_regex_metacharacters[?weird]" time="1.235" /><testcase classname="tests.test_refactor_regression.TestRefactorBehaviors" name="test_hexa_write_intent_gated_by_confirmation" time="1.253" /><testcase classname="tests.test_refactor_regression.TestReceptionistBoundary" name="test_blocked_consultations" time="1.130" /><testcase classname="tests.test_refactor_regression.TestReceptionistBoundary" name="test_blocked_hexa" time="0.326" /><testcase classname="tests.test_refactor_regression.TestReceptionistBoundary" name="test_blocked_opd" time="0.159" /><testcase classname="tests.test_refactor_regression.TestReceptionistBoundary" name="test_allowed_appointments" time="0.187" /><testcase classname="tests.test_refactor_regression.TestReceptionistBoundary" name="test_allowed_clients" time="0.529" /></testsuite></testsuites>