<?xml version="1.0" encoding="utf-8"?><testsuites name="pytest tests"><testsuite name="pytest" errors="0" failures="0" skipped="0" tests="28" time="8.117" timestamp="2026-08-10T17:07:49.752511+00:00" hostname="agent-env-ea14bf1a-122b-4afb-b875-6fa74ed89aaf"><testcase classname="backend.tests.test_router_phase14.TestAuthRouter" name="test_register_returns_token_and_sanitized_user" time="1.379" /><testcase classname="backend.tests.test_router_phase14.TestAuthRouter" name="test_doctor_bcrypt_login" time="0.000" /><testcase classname="backend.tests.test_router_phase14.TestAuthRouter" name="test_reviewer_bcrypt_login" time="0.000" /><testcase classname="backend.tests.test_router_phase14.TestAuthRouter" name="test_bad_password_returns_401_invalid_credentials" time="0.351" /><testcase classname="backend.tests.test_router_phase14.TestAuthRouter" name="test_auth_me_excludes_password_hash" time="0.119" /><testcase classname="backend.tests.test_router_phase14.TestAuthRouter" name="test_send_otp_persists_row" time="0.136" /><testcase classname="backend.tests.test_router_phase14.TestAuthRouter" name="test_verify_otp_existing_user_excludes_password_hash" time="0.133" /><testcase classname="backend.tests.test_router_phase14.TestAuthRouter" name="test_new_phone_otp_and_complete_registration" time="0.399" /><testcase classname="backend.tests.test_router_phase14.TestAuthRouter" name="test_google_login_returns_authorization_url" time="0.127" /><testcase classname="backend.tests.test_router_phase14.TestAuthRouter" name="test_fifth_failed_login_locks_same_email_with_429" time="1.511" /><testcase classname="backend.tests.test_router_phase14.TestAuthRouter" name="test_sixth_bad_login_from_same_ip_is_rate_limited" time="0.390" /><testcase classname="backend.tests.test_router_phase14.TestAppointmentsAndClientsRouter" name="test_doctor_appointments_list" time="0.144" /><testcase classname="backend.tests.test_router_phase14.TestAppointmentsAndClientsRouter" name="test_reviewer_has_named_appointment_on_expected_date" time="0.120" /><testcase classname="backend.tests.test_router_phase14.TestAppointmentsAndClientsRouter" name="test_create_appointment_persists_and_creates_client" time="0.432" /><testcase classname="backend.tests.test_router_phase14.TestAppointmentsAndClientsRouter" name="test_other_doctor_cannot_read_reviewer_appointment" time="0.149" /><testcase classname="backend.tests.test_router_phase14.TestAppointmentsAndClientsRouter" name="test_update_appointment_persists" time="0.230" /><testcase classname="backend.tests.test_router_phase14.TestAppointmentsAndClientsRouter" name="test_patient_details_put_then_get" time="0.297" /><testcase classname="backend.tests.test_router_phase14.TestAppointmentsAndClientsRouter" name="test_update_rejects_immutable_ownership_fields" time="0.119" /><testcase classname="backend.tests.test_router_phase14.TestAppointmentsAndClientsRouter" name="test_assistant_can_only_update_status" time="0.382" /><testcase classname="backend.tests.test_router_phase14.TestAppointmentsAndClientsRouter" name="test_delete_appointment_and_verify_404" time="0.350" /><testcase classname="backend.tests.test_router_phase14.TestAppointmentsAndClientsRouter" name="test_reviewer_clients_are_exact_seeded_demo_patients" time="0.122" /><testcase classname="backend.tests.test_router_phase14.TestAppointmentsAndClientsRouter" name="test_reviewer_client_detail_has_appointments_and_empty_prescriptions" time="0.117" /><testcase classname="backend.tests.test_router_phase14.TestVitalsRouter" name="test_reviewer_vitals_initially_empty" time="0.127" /><testcase classname="backend.tests.test_router_phase14.TestVitalsRouter" name="test_reviewer_vitals_put_then_get" time="0.265" /><testcase classname="backend.tests.test_router_phase14.TestRequestedRegressions" name="test_health" time="0.140" /><testcase classname="backend.tests.test_router_phase14.TestRequestedRegressions" name="test_safety_timeline" time="0.148" /><testcase classname="backend.tests.test_router_phase14.TestRequestedRegressions" name="test_safety_drug_check" time="0.147" /><testcase classname="backend.tests.test_router_phase14.TestRequestedRegressions" name="test_data_deletion_request_persists" time="0.145" /></testsuite></testsuites>