<?xml version="1.0" encoding="utf-8"?><testsuites name="pytest tests"><testsuite name="pytest" errors="0" failures="0" skipped="0" tests="15" time="6.960" timestamp="2026-08-10T17:07:04.343960+00:00" hostname="agent-env-ea14bf1a-122b-4afb-b875-6fa74ed89aaf"><testcase classname="backend.tests.test_iteration14_router_retest.TestReviewerSeed" name="test_seed_is_idempotent_and_uses_current_appointment_schema" time="2.596" /><testcase classname="backend.tests.test_iteration14_router_retest.TestReviewerSeed" name="test_reviewer_list_returns_seeded_appointment_date" time="0.130" /><testcase classname="backend.tests.test_iteration14_router_retest.TestAuthP0" name="test_auth_me_excludes_all_password_fields" time="0.116" /><testcase classname="backend.tests.test_iteration14_router_retest.TestAuthP0" name="test_verify_otp_existing_user_excludes_password_hash" time="0.134" /><testcase classname="backend.tests.test_iteration14_router_retest.TestAuthP0" name="test_sixth_bad_login_same_forwarded_ip_returns_json_429" time="0.798" /><testcase classname="backend.tests.test_iteration14_router_retest.TestAuthP0" name="test_fifth_same_email_failure_and_subsequent_attempt_return_account_429" time="0.780" /><testcase classname="backend.tests.test_iteration14_router_retest.TestAppointmentP0AndRegressions" name="test_mass_assignment_fields_are_stripped_while_notes_update" time="0.410" /><testcase classname="backend.tests.test_iteration14_router_retest.TestAppointmentP0AndRegressions" name="test_clients_get_contains_created_client" time="0.120" /><testcase classname="backend.tests.test_iteration14_router_retest.TestAppointmentP0AndRegressions" name="test_vitals_put_then_get_persists" time="0.267" /><testcase classname="backend.tests.test_iteration14_router_retest.TestAppointmentP0AndRegressions" name="test_appointment_delete_then_get_returns_404" time="0.382" /><testcase classname="backend.tests.test_iteration14_router_retest.TestRequestedRegressions" name="test_sarah_login_and_me_still_work" time="0.513" /><testcase classname="backend.tests.test_iteration14_router_retest.TestRequestedRegressions" name="test_health" time="0.174" /><testcase classname="backend.tests.test_iteration14_router_retest.TestRequestedRegressions" name="test_safety_timeline" time="0.124" /><testcase classname="backend.tests.test_iteration14_router_retest.TestRequestedRegressions" name="test_safety_drug_check" time="0.132" /><testcase classname="backend.tests.test_iteration14_router_retest.TestRequestedRegressions" name="test_data_deletion_request" time="0.132" /></testsuite></testsuites>