<?xml version="1.0" encoding="utf-8"?><testsuites name="pytest tests"><testsuite name="pytest" errors="0" failures="0" skipped="0" tests="10" time="4.618" timestamp="2026-08-11T05:06:56.205256+00:00" hostname="agent-env-ea14bf1a-122b-4afb-b875-6fa74ed89aaf"><testcase classname="backend.tests.test_iteration19_intake_dnd.TestPreIntakeGet" name="test_priya_pre_intake_returns_null" time="0.515" /><testcase classname="backend.tests.test_iteration19_intake_dnd.TestPreIntakeGet" name="test_rahul_pre_intake_auto_captured" time="0.140" /><testcase classname="backend.tests.test_iteration19_intake_dnd.TestPreIntakeGet" name="test_pre_intake_404_for_unknown" time="0.103" /><testcase classname="backend.tests.test_iteration19_intake_dnd.TestPreIntakePut" name="test_put_pre_intake_saves_manually" time="0.098" /><testcase classname="backend.tests.test_iteration19_intake_dnd.TestPreIntakePut" name="test_put_pre_intake_persists" time="0.101" /><testcase classname="backend.tests.test_iteration19_intake_dnd.TestWebhookIntake" name="test_set_rahul_intake_status_sent" time="0.129" /><testcase classname="backend.tests.test_iteration19_intake_dnd.TestWebhookIntake" name="test_webhook_inbound_triggers_intake_parse" time="0.154" /><testcase classname="backend.tests.test_iteration19_intake_dnd.TestWebhookIntake" name="test_wait_and_check_rahul_intake_auto_captured" time="3.097" /><testcase classname="backend.tests.test_iteration19_intake_dnd.TestHealthRecordsUpload" name="test_upload_accepts_appointment_id" time="0.114" /><testcase classname="backend.tests.test_iteration19_intake_dnd.TestHealthRecordsUpload" name="test_upload_without_appointment_id_still_works" time="0.107" /></testsuite></testsuites>