<?xml version="1.0" encoding="utf-8"?><testsuites name="pytest tests"><testsuite name="pytest" errors="0" failures="0" skipped="0" tests="12" time="1.125" timestamp="2026-08-11T04:08:25.639961+00:00" hostname="agent-env-ea14bf1a-122b-4afb-b875-6fa74ed89aaf"><testcase classname="backend.tests.test_iteration18_phase_c" name="test_conversations_list_returns_200" time="0.486" /><testcase classname="backend.tests.test_iteration18_phase_c" name="test_conversations_list_is_list" time="0.046" /><testcase classname="backend.tests.test_iteration18_phase_c" name="test_conversations_list_has_expected_threads" time="0.047" /><testcase classname="backend.tests.test_iteration18_phase_c" name="test_conversations_thread_has_required_fields" time="0.045" /><testcase classname="backend.tests.test_iteration18_phase_c" name="test_conversations_unread_counts" time="0.046" /><testcase classname="backend.tests.test_iteration18_phase_c" name="test_single_conversation_returns_200" time="0.046" /><testcase classname="backend.tests.test_iteration18_phase_c" name="test_single_conversation_has_messages" time="0.047" /><testcase classname="backend.tests.test_iteration18_phase_c" name="test_single_conversation_message_fields" time="0.050" /><testcase classname="backend.tests.test_iteration18_phase_c" name="test_single_conversation_unknown_phone_returns_empty" time="0.046" /><testcase classname="backend.tests.test_iteration18_phase_c" name="test_delivery_status_known_phone" time="0.046" /><testcase classname="backend.tests.test_iteration18_phase_c" name="test_delivery_status_unknown_phone_returns_none" time="0.060" /><testcase classname="backend.tests.test_iteration18_phase_c" name="test_unauthenticated_conversations_blocked" time="0.098" /></testsuite></testsuites>