<?xml version="1.0" encoding="utf-8"?><testsuites name="pytest tests"><testsuite name="pytest" errors="0" failures="0" skipped="0" tests="17" time="9.233" timestamp="2026-08-10T14:50:05.832503+00:00" hostname="agent-env-ea14bf1a-122b-4afb-b875-6fa74ed89aaf"><testcase classname="backend.tests.backend_test.TestMetaWhatsApp" name="test_send_without_credentials_is_clear_400" time="3.230" /><testcase classname="backend.tests.backend_test.TestMetaWhatsApp" name="test_put_then_get_config_masks_and_persists_secrets" time="0.281" /><testcase classname="backend.tests.backend_test.TestMetaWhatsApp" name="test_webhook_accepts_correct_token_and_rejects_wrong_token" time="0.249" /><testcase classname="backend.tests.backend_test.TestAmbientAI" name="test_hinglish_extract_parses_bp_medication_and_diagnosis" time="2.105" /><testcase classname="backend.tests.backend_test.TestAmbientAI" name="test_successful_extract_auto_writes_complete_session" time="0.001" /><testcase classname="backend.tests.backend_test.TestAmbientAI" name="test_sessions_are_reverse_chronological_and_doctor_scoped" time="0.263" /><testcase classname="backend.tests.backend_test.TestAmbientAI" name="test_sessions_case_insensitive_searches_transcript_context_and_diagnosis[0]" time="0.129" /><testcase classname="backend.tests.backend_test.TestAmbientAI" name="test_sessions_case_insensitive_searches_transcript_context_and_diagnosis[1]" time="0.131" /><testcase classname="backend.tests.backend_test.TestAmbientAI" name="test_sessions_case_insensitive_searches_transcript_context_and_diagnosis[2]" time="0.105" /><testcase classname="backend.tests.backend_test.TestAmbientAI" name="test_extract_rejects_non_doctor_roles[assistant]" time="0.136" /><testcase classname="backend.tests.backend_test.TestAmbientAI" name="test_extract_rejects_non_doctor_roles[front_desk]" time="0.121" /><testcase classname="backend.tests.backend_test.TestAmbientAI" name="test_transcribe_rejects_non_doctor" time="0.123" /><testcase classname="backend.tests.backend_test.TestAmbientAI" name="test_transcribe_rejects_upload_larger_than_24mb" time="1.728" /><testcase classname="backend.tests.backend_test.TestAmbientAI" name="test_sessions_malformed_regex_does_not_crash_server" time="0.120" /><testcase classname="backend.tests.backend_test.TestExistingEndpointRegressions" name="test_queue_today" time="0.145" /><testcase classname="backend.tests.backend_test.TestExistingEndpointRegressions" name="test_letterhead" time="0.103" /><testcase classname="backend.tests.backend_test.TestExistingEndpointRegressions" name="test_feedback_summary" time="0.112" /></testsuite></testsuites>