<?xml version="1.0" encoding="utf-8"?><testsuites name="pytest tests"><testsuite name="pytest" errors="0" failures="9" skipped="0" tests="37" time="13.645" timestamp="2026-08-10T10:53:16.841668+00:00" hostname="agent-env-ea14bf1a-122b-4afb-b875-6fa74ed89aaf"><testcase classname="backend.tests.test_rbac.TestSubUserCreation" name="test_role_fields_and_list_persistence[assistant]" time="3.172" /><testcase classname="backend.tests.test_rbac.TestSubUserCreation" name="test_role_fields_and_list_persistence[front_desk]" time="0.097" /><testcase classname="backend.tests.test_rbac.TestSubUserCreation" name="test_invalid_roles_rejected[admin]" time="0.097" /><testcase classname="backend.tests.test_rbac.TestSubUserCreation" name="test_invalid_roles_rejected[doctor]" time="0.099" /><testcase classname="backend.tests.test_rbac.TestSubUserCreation" name="test_invalid_roles_rejected[invalid]" time="0.101" /><testcase classname="backend.tests.test_rbac.TestSubUserCreation" name="test_max_two_per_role_per_clinic[assistant]" time="0.425" /><testcase classname="backend.tests.test_rbac.TestSubUserCreation" name="test_max_two_per_role_per_clinic[front_desk]" time="0.436" /><testcase classname="backend.tests.test_rbac.TestAssistantPermissions" name="test_read_appointments_and_clients_scoped_to_parent" time="0.197"><failure message="AssertionError: assert 'b6b3b36a-7ce7-4cd6-9b5c-0f28d0c53651' in []">backend/tests/test_rbac.py:294: in test_read_appointments_and_clients_scoped_to_parent
    assert rbac_context["appointment"]["id"] in [item["id"] for item in appointments.json()]
E   AssertionError: assert 'b6b3b36a-7ce7-4cd6-9b5c-0f28d0c53651' in []</failure></testcase><testcase classname="backend.tests.test_rbac.TestAssistantPermissions" name="test_blocked_endpoints[post-/appointments-payload0]" time="0.113"><failure message="AssertionError: Expected 403, got 200: {&quot;id&quot;:&quot;9a1e9268-2ae6-4adc-ba13-c7c65a2ebb4b&quot;,&quot;professional_id&quot;:&quot;c2202d78-5a9a-431e-b81c-dadc37eb41b3&quot;,&quot;client_name&quot;:&quot;TEST_RBAC_Assistant_Blocked&quot;,&quot;client_phone&quot;:&quot;+919200000001&quot;,&quot;client_email&quot;:null,&quot;appointment_date&quot;:&quot;2030-01-01&quot;,&quot;start_time&quot;:&quot;09:00&quot;,&quot;end_time&quot;:&quot;09:30&quot;,&quot;consultation_mode&quot;:&quot;in-person&quot;,&quot;status&quot;:&quot;scheduled&quot;,&quot;notes&quot;:null,&quot;reminder_sent&quot;:false,&quot;payment_status&quot;:&quot;pending&quot;,&quot;created_at&quot;:&quot;2026-08-10T10:53:21.745973+00:00&quot;,&quot;created_by&quot;:&quot;c2202d78-5a9a-431e-b81c-dadc37eb41b3&quot;}&#10;assert 200 == 403&#10; +  where 200 = &lt;Response [200]&gt;.status_code">backend/tests/test_rbac.py:326: in test_blocked_endpoints
    _assert_error(response, 403)
backend/tests/test_rbac.py:68: in _assert_error
    assert response.status_code == status, f"Expected {status}, got {response.status_code}: {response.text}"
E   AssertionError: Expected 403, got 200: {"id":"9a1e9268-2ae6-4adc-ba13-c7c65a2ebb4b","professional_id":"c2202d78-5a9a-431e-b81c-dadc37eb41b3","client_name":"TEST_RBAC_Assistant_Blocked","client_phone":"+919200000001","client_email":null,"appointment_date":"2030-01-01","start_time":"09:00","end_time":"09:30","consultation_mode":"in-person","status":"scheduled","notes":null,"reminder_sent":false,"payment_status":"pending","created_at":"2026-08-10T10:53:21.745973+00:00","created_by":"c2202d78-5a9a-431e-b81c-dadc37eb41b3"}
E   assert 200 == 403
E    +  where 200 = &lt;Response [200]&gt;.status_code</failure></testcase><testcase classname="backend.tests.test_rbac.TestAssistantPermissions" name="test_blocked_endpoints[post-/prescriptions/drug-interactions-payload1]" time="0.105" /><testcase classname="backend.tests.test_rbac.TestAssistantPermissions" name="test_blocked_endpoints[post-/invoices-payload2]" time="0.095"><failure message="AssertionError: Expected 403, got 200: {&quot;id&quot;:&quot;c3ffb735-e01c-4c72-a015-66b8e9b71324&quot;,&quot;owner_id&quot;:&quot;803dfcae-8e07-4cce-9611-79fec383721e&quot;,&quot;created_by&quot;:&quot;c2202d78-5a9a-431e-b81c-dadc37eb41b3&quot;,&quot;invoice_number&quot;:&quot;INV-2026-0027&quot;,&quot;appointment_id&quot;:null,&quot;client_name&quot;:&quot;TEST_RBAC_Assistant_Invoice&quot;,&quot;client_phone&quot;:null,&quot;clinic_id&quot;:null,&quot;items&quot;:[{&quot;description&quot;:&quot;x&quot;,&quot;consultation_type&quot;:null,&quot;qty&quot;:1.0,&quot;rate&quot;:1.0}],&quot;subtotal&quot;:1.0,&quot;discount&quot;:0.0,&quot;tax_rate&quot;:0.0,&quot;tax_amount&quot;:0.0,&quot;total&quot;:1.0,&quot;amount_paid&quot;:0.0,&quot;payment_status&quot;:&quot;pending&quot;,&quot;notes&quot;:&quot;&quot;,&quot;issue_date&quot;:&quot;2026-08-10T10:53:21.959045+00:00&quot;,&quot;created_at&quot;:&quot;2026-08-10T10:53:21.959051+00:00&quot;}&#10;assert 200 == 403&#10; +  where 200 = &lt;Response [200]&gt;.status_code">backend/tests/test_rbac.py:326: in test_blocked_endpoints
    _assert_error(response, 403)
backend/tests/test_rbac.py:68: in _assert_error
    assert response.status_code == status, f"Expected {status}, got {response.status_code}: {response.text}"
E   AssertionError: Expected 403, got 200: {"id":"c3ffb735-e01c-4c72-a015-66b8e9b71324","owner_id":"803dfcae-8e07-4cce-9611-79fec383721e","created_by":"c2202d78-5a9a-431e-b81c-dadc37eb41b3","invoice_number":"INV-2026-0027","appointment_id":null,"client_name":"TEST_RBAC_Assistant_Invoice","client_phone":null,"clinic_id":null,"items":[{"description":"x","consultation_type":null,"qty":1.0,"rate":1.0}],"subtotal":1.0,"discount":0.0,"tax_rate":0.0,"tax_amount":0.0,"total":1.0,"amount_paid":0.0,"payment_status":"pending","notes":"","issue_date":"2026-08-10T10:53:21.959045+00:00","created_at":"2026-08-10T10:53:21.959051+00:00"}
E   assert 200 == 403
E    +  where 200 = &lt;Response [200]&gt;.status_code</failure></testcase><testcase classname="backend.tests.test_rbac.TestAssistantPermissions" name="test_blocked_endpoints[post-/clinics-payload3]" time="0.099" /><testcase classname="backend.tests.test_rbac.TestAssistantPermissions" name="test_blocked_endpoints[get-/analytics/opd-None]" time="0.124" /><testcase classname="backend.tests.test_rbac.TestAssistantPermissions" name="test_blocked_endpoints[post-/hexa/command-payload5]" time="0.112" /><testcase classname="backend.tests.test_rbac.TestAssistantPermissions" name="test_blocked_endpoints[post-/clinics/sub-users-payload6]" time="0.102" /><testcase classname="backend.tests.test_rbac.TestAssistantPermissions" name="test_consultation_notes_post_blocked" time="0.102"><failure message="AssertionError: Expected 403, got 200: {&quot;id&quot;:&quot;5bb08f71-fe17-42eb-a525-dc3691f4934f&quot;,&quot;professional_id&quot;:&quot;803dfcae-8e07-4cce-9611-79fec383721e&quot;,&quot;appointment_id&quot;:&quot;b6b3b36a-7ce7-4cd6-9b5c-0f28d0c53651&quot;,&quot;client_name&quot;:&quot;TEST_RBAC_Assistant_Note_1786359197_3a7106&quot;,&quot;client_phone&quot;:&quot;+919696698462&quot;,&quot;summary&quot;:&quot;Must be forbidden&quot;,&quot;recommendations&quot;:&quot;&quot;,&quot;private_notes&quot;:&quot;&quot;,&quot;practitioner_profession&quot;:&quot;assistant&quot;,&quot;practitioner_name&quot;:&quot;TEST RBAC assistant&quot;,&quot;created_at&quot;:&quot;2026-08-10T10:53:22.510204+00:00&quot;}&#10;assert 200 == 403&#10; +  where 200 = &lt;Response [200]&gt;.status_code">backend/tests/test_rbac.py:346: in test_consultation_notes_post_blocked
    _assert_error(response, 403)
backend/tests/test_rbac.py:68: in _assert_error
    assert response.status_code == status, f"Expected {status}, got {response.status_code}: {response.text}"
E   AssertionError: Expected 403, got 200: {"id":"5bb08f71-fe17-42eb-a525-dc3691f4934f","professional_id":"803dfcae-8e07-4cce-9611-79fec383721e","appointment_id":"b6b3b36a-7ce7-4cd6-9b5c-0f28d0c53651","client_name":"TEST_RBAC_Assistant_Note_1786359197_3a7106","client_phone":"+919696698462","summary":"Must be forbidden","recommendations":"","private_notes":"","practitioner_profession":"assistant","practitioner_name":"TEST RBAC assistant","created_at":"2026-08-10T10:53:22.510204+00:00"}
E   assert 200 == 403
E    +  where 200 = &lt;Response [200]&gt;.status_code</failure></testcase><testcase classname="backend.tests.test_rbac.TestFrontDeskPermissions" name="test_parent_scoped_listing" time="0.098"><failure message="AssertionError: assert 'b6b3b36a-7ce7-4cd6-9b5c-0f28d0c53651' in []">backend/tests/test_rbac.py:356: in test_parent_scoped_listing
    assert rbac_context["appointment"]["id"] in [item["id"] for item in listing.json()]
E   AssertionError: assert 'b6b3b36a-7ce7-4cd6-9b5c-0f28d0c53651' in []</failure></testcase><testcase classname="backend.tests.test_rbac.TestFrontDeskPermissions" name="test_appointment_full_crud" time="0.617"><failure message="AssertionError: assert 'ed6caee4-02b...-a2eb24c87bcb' == '803dfcae-8e0...-79fec383721e'&#10;  &#10;  - 803dfcae-8e07-4cce-9611-79fec383721e&#10;  + ed6caee4-02ba-4ff3-ad81-a2eb24c87bcb">backend/tests/test_rbac.py:387: in test_appointment_full_crud
    assert body["professional_id"] == rbac_context["doctor"]["user"]["id"]
E   AssertionError: assert 'ed6caee4-02b...-a2eb24c87bcb' == '803dfcae-8e0...-79fec383721e'
E     
E     - 803dfcae-8e07-4cce-9611-79fec383721e
E     + ed6caee4-02ba-4ff3-ad81-a2eb24c87bcb</failure></testcase><testcase classname="backend.tests.test_rbac.TestFrontDeskPermissions" name="test_clients_read_allowed" time="0.098"><failure message="AssertionError: assert '+919696698462' in ['+919200000002']">backend/tests/test_rbac.py:393: in test_clients_read_allowed
    assert rbac_context["appointment_payload"]["client_phone"] in [item["phone"] for item in response.json()]
E   AssertionError: assert '+919696698462' in ['+919200000002']</failure></testcase><testcase classname="backend.tests.test_rbac.TestFrontDeskPermissions" name="test_sensitive_posts_blocked[post-/prescriptions/drug-interactions-payload0]" time="0.098" /><testcase classname="backend.tests.test_rbac.TestFrontDeskPermissions" name="test_sensitive_posts_blocked[post-/prescriptions-payload1]" time="0.102" /><testcase classname="backend.tests.test_rbac.TestFrontDeskPermissions" name="test_sensitive_posts_blocked[post-/hexa/command-payload2]" time="0.100" /><testcase classname="backend.tests.test_rbac.TestFrontDeskPermissions" name="test_sensitive_posts_blocked[post-/clinics-payload3]" time="0.099" /><testcase classname="backend.tests.test_rbac.TestFrontDeskPermissions" name="test_consultation_notes_blocked" time="0.099"><failure message="AssertionError: Expected 403, got 200: {&quot;id&quot;:&quot;f05e5103-d314-4d56-9f6c-b7214b36353e&quot;,&quot;professional_id&quot;:&quot;803dfcae-8e07-4cce-9611-79fec383721e&quot;,&quot;appointment_id&quot;:&quot;b6b3b36a-7ce7-4cd6-9b5c-0f28d0c53651&quot;,&quot;client_name&quot;:&quot;TEST_RBAC_Front_Note_1786359197_3a7106&quot;,&quot;client_phone&quot;:&quot;+919696698462&quot;,&quot;summary&quot;:&quot;Must be forbidden&quot;,&quot;recommendations&quot;:&quot;&quot;,&quot;private_notes&quot;:&quot;&quot;,&quot;practitioner_profession&quot;:&quot;front_desk&quot;,&quot;practitioner_name&quot;:&quot;TEST RBAC front_desk&quot;,&quot;created_at&quot;:&quot;2026-08-10T10:53:23.858900+00:00&quot;}&#10;assert 200 == 403&#10; +  where 200 = &lt;Response [200]&gt;.status_code">backend/tests/test_rbac.py:422: in test_consultation_notes_blocked
    _assert_error(response, 403)
backend/tests/test_rbac.py:68: in _assert_error
    assert response.status_code == status, f"Expected {status}, got {response.status_code}: {response.text}"
E   AssertionError: Expected 403, got 200: {"id":"f05e5103-d314-4d56-9f6c-b7214b36353e","professional_id":"803dfcae-8e07-4cce-9611-79fec383721e","appointment_id":"b6b3b36a-7ce7-4cd6-9b5c-0f28d0c53651","client_name":"TEST_RBAC_Front_Note_1786359197_3a7106","client_phone":"+919696698462","summary":"Must be forbidden","recommendations":"","private_notes":"","practitioner_profession":"front_desk","practitioner_name":"TEST RBAC front_desk","created_at":"2026-08-10T10:53:23.858900+00:00"}
E   assert 200 == 403
E    +  where 200 = &lt;Response [200]&gt;.status_code</failure></testcase><testcase classname="backend.tests.test_rbac.TestFrontDeskPermissions" name="test_invoice_delete_blocked" time="0.224" /><testcase classname="backend.tests.test_rbac.TestLegacyReceptionist" name="test_login_role_and_parent_scoped_reads" time="0.197" /><testcase classname="backend.tests.test_rbac.TestLegacyReceptionist" name="test_sensitive_routes_still_blocked" time="0.210" /><testcase classname="backend.tests.test_rbac.TestAdminLicenses" name="test_admin_list_and_summary" time="0.201" /><testcase classname="backend.tests.test_rbac.TestAdminLicenses" name="test_non_admin_forbidden[/admin/licenses]" time="0.099" /><testcase classname="backend.tests.test_rbac.TestAdminLicenses" name="test_non_admin_forbidden[/admin/licenses/summary]" time="0.103" /><testcase classname="backend.tests.test_rbac.TestDoctorRegression" name="test_doctor_get_regressions[/medication-reminders-list]" time="0.100" /><testcase classname="backend.tests.test_rbac.TestDoctorRegression" name="test_doctor_get_regressions[/patient-portal/links-list]" time="0.104" /><testcase classname="backend.tests.test_rbac.TestDoctorRegression" name="test_doctor_get_regressions[/invoices-list]" time="0.105" /><testcase classname="backend.tests.test_rbac.TestDoctorRegression" name="test_doctor_account_has_doctor_role" time="0.000"><failure message="AssertionError: assert 'user' == 'doctor'&#10;  &#10;  - doctor&#10;  + user">backend/tests/test_rbac.py:503: in test_doctor_account_has_doctor_role
    assert rbac_context["doctor"]["user"].get("role") == "doctor"
E   AssertionError: assert 'user' == 'doctor'
E     
E     - doctor
E     + user</failure></testcase><testcase classname="backend.tests.test_rbac.TestDoctorRegression" name="test_doctor_hexa_command" time="1.489" /><testcase classname="backend.tests.test_rbac.TestDoctorRegression" name="test_doctor_drug_interactions" time="0.101" /><testcase classname="backend.tests.test_rbac.TestDoctorRegression" name="test_doctor_prescription_transcribe" time="3.635" /></testsuite></testsuites>