<?xml version="1.0" encoding="utf-8"?><testsuites name="pytest tests"><testsuite name="pytest" errors="0" failures="0" skipped="0" tests="18" time="5.917" timestamp="2026-05-18T13:57:42.741586+00:00" hostname="agent-env-ea14bf1a-122b-4afb-b875-6fa74ed89aaf"><testcase classname="tests.test_patient_portal.TestIssueLink" name="test_issue_link_shape" time="1.414" /><testcase classname="tests.test_patient_portal.TestIssueLink" name="test_ttl_clamp_upper" time="0.154" /><testcase classname="tests.test_patient_portal.TestIssueLink" name="test_ttl_clamp_lower" time="0.159" /><testcase classname="tests.test_patient_portal.TestIssueLink" name="test_recep_blocked_issue" time="0.952" /><testcase classname="tests.test_patient_portal.TestIssueLink" name="test_recep_blocked_list" time="0.146" /><testcase classname="tests.test_patient_portal.TestIssueLink" name="test_recep_blocked_revoke" time="0.157" /><testcase classname="tests.test_patient_portal.TestListLinks" name="test_list_includes_issued" time="0.148" /><testcase classname="tests.test_patient_portal.TestPublicEndpoints" name="test_profile_no_auth" time="0.176" /><testcase classname="tests.test_patient_portal.TestPublicEndpoints" name="test_prescriptions_no_auth_and_privacy" time="0.164" /><testcase classname="tests.test_patient_portal.TestPublicEndpoints" name="test_consultation_notes_no_auth_and_privacy" time="0.171" /><testcase classname="tests.test_patient_portal.TestPublicEndpoints" name="test_appointments_no_auth" time="0.154" /><testcase classname="tests.test_patient_portal.TestPublicEndpoints" name="test_medications_no_auth" time="0.163" /><testcase classname="tests.test_patient_portal.TestPublicEndpoints" name="test_payments_no_auth" time="0.167" /><testcase classname="tests.test_patient_portal.TestNegativeCases" name="test_bad_token_404" time="0.164" /><testcase classname="tests.test_patient_portal.TestNegativeCases" name="test_short_token_404" time="0.153" /><testcase classname="tests.test_patient_portal.TestNegativeCases" name="test_expired_token_410" time="0.375" /><testcase classname="tests.test_patient_portal.TestZRevoke" name="test_revoke_then_410" time="0.856" /><testcase classname="tests.test_patient_portal.TestZRevoke" name="test_revoke_unknown_token_404" time="0.160" /></testsuite></testsuites>