<?xml version="1.0" encoding="utf-8"?><testsuites name="pytest tests"><testsuite name="pytest" errors="0" failures="0" skipped="0" tests="9" time="1.676" timestamp="2026-08-25T09:58:02.963364+00:00" hostname="agent-env-ea14bf1a-122b-4afb-b875-6fa74ed89aaf"><testcase classname="backend.tests.test_iteration23_wa_outbox.TestWaStatus" name="test_status_requires_auth" time="0.205" /><testcase classname="backend.tests.test_iteration23_wa_outbox.TestWaStatus" name="test_status_returns_disconnected" time="0.564" /><testcase classname="backend.tests.test_iteration23_wa_outbox.TestSendTest" name="test_send_test_requires_auth" time="0.136" /><testcase classname="backend.tests.test_iteration23_wa_outbox.TestSendTest" name="test_send_test_400_no_wa_config" time="0.116" /><testcase classname="backend.tests.test_iteration23_wa_outbox.TestSendTemplate" name="test_send_template_requires_auth" time="0.110" /><testcase classname="backend.tests.test_iteration23_wa_outbox.TestSendTemplate" name="test_send_template_400_no_wa_config" time="0.159" /><testcase classname="backend.tests.test_iteration23_wa_outbox.TestSendTemplate" name="test_send_template_missing_required_fields" time="0.108" /><testcase classname="backend.tests.test_iteration23_wa_outbox.TestWaTemplates" name="test_list_templates_requires_auth" time="0.100" /><testcase classname="backend.tests.test_iteration23_wa_outbox.TestWaTemplates" name="test_list_templates_returns_list" time="0.117" /></testsuite></testsuites>