<?xml version="1.0" encoding="utf-8"?><testsuites name="pytest tests"><testsuite name="pytest" errors="0" failures="6" skipped="0" tests="28" time="8.835" timestamp="2026-08-10T16:59:41.393347+00:00" hostname="agent-env-ea14bf1a-122b-4afb-b875-6fa74ed89aaf"><testcase classname="tests.test_router_phase14.TestAuthRouter" name="test_register_returns_token_and_sanitized_user" time="1.461" /><testcase classname="tests.test_router_phase14.TestAuthRouter" name="test_doctor_bcrypt_login" time="0.000" /><testcase classname="tests.test_router_phase14.TestAuthRouter" name="test_reviewer_bcrypt_login" time="0.000" /><testcase classname="tests.test_router_phase14.TestAuthRouter" name="test_bad_password_returns_401_invalid_credentials" time="0.354" /><testcase classname="tests.test_router_phase14.TestAuthRouter" name="test_auth_me_excludes_password_hash" time="0.147"><failure message="AssertionError: assert ('hashed_password' not in {'bot_instructions': 'Propose to the board to mark all Sundays as holidays.', 'created_at': '2025-12-08T13:48:29.478417+00:00', 'elevenlabs_config': {'enabled': True, 'language': 'hi', 'model_id': 'eleven_multilingual_v2', 'similarity_boost': 0.8, ...}, 'elevenlabs_config_updated_at': '2026-08-10T11:37:11.120353+00:00', ...})">tests/test_router_phase14.py:182: in test_auth_me_excludes_password_hash
    assert "hashed_password" not in body and "_id" not in body
E   AssertionError: assert ('hashed_password' not in {'bot_instructions': 'Propose to the board to mark all Sundays as holidays.', 'created_at': '2025-12-08T13:48:29.478417+00:00', 'elevenlabs_config': {'enabled': True, 'language': 'hi', 'model_id': 'eleven_multilingual_v2', 'similarity_boost': 0.8, ...}, 'elevenlabs_config_updated_at': '2026-08-10T11:37:11.120353+00:00', ...})</failure></testcase><testcase classname="tests.test_router_phase14.TestAuthRouter" name="test_send_otp_persists_row" time="0.144" /><testcase classname="tests.test_router_phase14.TestAuthRouter" name="test_verify_otp_existing_user_excludes_password_hash" time="0.131"><failure message="AssertionError: assert ('hashed_password' not in {'bot_instructions': 'Propose to the board to mark all Sundays as holidays.', 'created_at': '2025-12-08T13:48:29.478417+00:00', 'elevenlabs_config': {'enabled': True, 'language': 'hi', 'model_id': 'eleven_multilingual_v2', 'similarity_boost': 0.8, ...}, 'elevenlabs_config_updated_at': '2026-08-10T11:37:11.120353+00:00', ...})">tests/test_router_phase14.py:212: in test_verify_otp_existing_user_excludes_password_hash
    assert "hashed_password" not in body["user"] and "_id" not in body["user"]
E   AssertionError: assert ('hashed_password' not in {'bot_instructions': 'Propose to the board to mark all Sundays as holidays.', 'created_at': '2025-12-08T13:48:29.478417+00:00', 'elevenlabs_config': {'enabled': True, 'language': 'hi', 'model_id': 'eleven_multilingual_v2', 'similarity_boost': 0.8, ...}, 'elevenlabs_config_updated_at': '2026-08-10T11:37:11.120353+00:00', ...})</failure></testcase><testcase classname="tests.test_router_phase14.TestAuthRouter" name="test_new_phone_otp_and_complete_registration" time="0.415" /><testcase classname="tests.test_router_phase14.TestAuthRouter" name="test_google_login_returns_authorization_url" time="0.124" /><testcase classname="tests.test_router_phase14.TestAuthRouter" name="test_fifth_failed_login_locks_same_email_with_429" time="1.520"><failure message="AssertionError: {&quot;detail&quot;:&quot;Invalid credentials&quot;}&#10;assert 401 == 429&#10; +  where 401 = &lt;Response [401]&gt;.status_code">tests/test_router_phase14.py:260: in test_fifth_failed_login_locks_same_email_with_429
    assert responses[4].status_code == 429, responses[4].text
E   AssertionError: {"detail":"Invalid credentials"}
E   assert 401 == 429
E    +  where 401 = &lt;Response [401]&gt;.status_code</failure></testcase><testcase classname="tests.test_router_phase14.TestAuthRouter" name="test_sixth_bad_login_from_same_ip_is_rate_limited" time="0.648"><failure message="AssertionError: Internal Server Error&#10;assert 500 == 429&#10; +  where 500 = &lt;Response [500]&gt;.status_code">tests/test_router_phase14.py:285: in test_sixth_bad_login_from_same_ip_is_rate_limited
    assert limited.status_code == 429, limited.text
E   AssertionError: Internal Server Error
E   assert 500 == 429
E    +  where 500 = &lt;Response [500]&gt;.status_code</failure></testcase><testcase classname="tests.test_router_phase14.TestAppointmentsAndClientsRouter" name="test_doctor_appointments_list" time="0.137" /><testcase classname="tests.test_router_phase14.TestAppointmentsAndClientsRouter" name="test_reviewer_has_named_appointment_on_expected_date" time="0.186"><failure message="AssertionError: {'client_email': 'demo1@lumer.me', 'client_name': 'Reviewer Demo', 'client_phone': '+919000000001', 'created_at': '2026-08-10T16:48:17.954516+00:00', ...}&#10;assert None == '2026-08-11'&#10; +  where None = &lt;built-in method get of dict object at 0xfcce38a29840&gt;('appointment_date')&#10; +    where &lt;built-in method get of dict object at 0xfcce38a29840&gt; = {'client_email': 'demo1@lumer.me', 'client_name': 'Reviewer Demo', 'client_phone': '+919000000001', 'created_at': '2026-08-10T16:48:17.954516+00:00', ...}.get">tests/test_router_phase14.py:336: in test_reviewer_has_named_appointment_on_expected_date
    assert appointment.get("appointment_date") == "2026-08-11", appointment
E   AssertionError: {'client_email': 'demo1@lumer.me', 'client_name': 'Reviewer Demo', 'client_phone': '+919000000001', 'created_at': '2026-08-10T16:48:17.954516+00:00', ...}
E   assert None == '2026-08-11'
E    +  where None = &lt;built-in method get of dict object at 0xfcce38a29840&gt;('appointment_date')
E    +    where &lt;built-in method get of dict object at 0xfcce38a29840&gt; = {'client_email': 'demo1@lumer.me', 'client_name': 'Reviewer Demo', 'client_phone': '+919000000001', 'created_at': '2026-08-10T16:48:17.954516+00:00', ...}.get</failure></testcase><testcase classname="tests.test_router_phase14.TestAppointmentsAndClientsRouter" name="test_create_appointment_persists_and_creates_client" time="0.423" /><testcase classname="tests.test_router_phase14.TestAppointmentsAndClientsRouter" name="test_other_doctor_cannot_read_reviewer_appointment" time="0.120" /><testcase classname="tests.test_router_phase14.TestAppointmentsAndClientsRouter" name="test_update_appointment_persists" time="0.360" /><testcase classname="tests.test_router_phase14.TestAppointmentsAndClientsRouter" name="test_patient_details_put_then_get" time="0.252" /><testcase classname="tests.test_router_phase14.TestAppointmentsAndClientsRouter" name="test_update_rejects_immutable_ownership_fields" time="0.143"><failure message="AssertionError: {&quot;message&quot;:&quot;Updated successfully&quot;}&#10;assert 200 in (400, 403, 422)&#10; +  where 200 = &lt;Response [200]&gt;.status_code">tests/test_router_phase14.py:414: in test_update_rejects_immutable_ownership_fields
    assert response.status_code in (400, 403, 422), response.text
E   AssertionError: {"message":"Updated successfully"}
E   assert 200 in (400, 403, 422)
E    +  where 200 = &lt;Response [200]&gt;.status_code</failure></testcase><testcase classname="tests.test_router_phase14.TestAppointmentsAndClientsRouter" name="test_assistant_can_only_update_status" time="0.434" /><testcase classname="tests.test_router_phase14.TestAppointmentsAndClientsRouter" name="test_delete_appointment_and_verify_404" time="0.365" /><testcase classname="tests.test_router_phase14.TestAppointmentsAndClientsRouter" name="test_reviewer_clients_are_exact_seeded_demo_patients" time="0.128" /><testcase classname="tests.test_router_phase14.TestAppointmentsAndClientsRouter" name="test_reviewer_client_detail_has_appointments_and_empty_prescriptions" time="0.130" /><testcase classname="tests.test_router_phase14.TestVitalsRouter" name="test_reviewer_vitals_initially_empty" time="0.135" /><testcase classname="tests.test_router_phase14.TestVitalsRouter" name="test_reviewer_vitals_put_then_get" time="0.285" /><testcase classname="tests.test_router_phase14.TestRequestedRegressions" name="test_health" time="0.139" /><testcase classname="tests.test_router_phase14.TestRequestedRegressions" name="test_safety_timeline" time="0.132" /><testcase classname="tests.test_router_phase14.TestRequestedRegressions" name="test_safety_drug_check" time="0.123" /><testcase classname="tests.test_router_phase14.TestRequestedRegressions" name="test_data_deletion_request_persists" time="0.136" /></testsuite></testsuites>