<?xml version="1.0" encoding="utf-8"?><testsuites name="pytest tests"><testsuite name="pytest" errors="0" failures="0" skipped="0" tests="8" time="1.764" timestamp="2026-08-25T06:06:06.268475+00:00" hostname="agent-env-ea14bf1a-122b-4afb-b875-6fa74ed89aaf"><testcase classname="backend.tests.test_iteration21_cms.TestLandingContentAPI" name="test_get_content_returns_200" time="0.144" /><testcase classname="backend.tests.test_iteration21_cms.TestLandingContentAPI" name="test_get_content_has_required_fields" time="0.141" /><testcase classname="backend.tests.test_iteration21_cms.TestLandingContentAPI" name="test_contact_email_is_ravee" time="0.109" /><testcase classname="backend.tests.test_iteration21_cms.TestLandingContentAPI" name="test_no_lumera_ai_in_defaults" time="0.109" /><testcase classname="backend.tests.test_iteration21_cms.TestLandingContentPUT" name="test_put_without_auth_returns_401" time="0.103" /><testcase classname="backend.tests.test_iteration21_cms.TestLandingContentPUT" name="test_put_with_invalid_token_returns_401" time="0.115" /><testcase classname="backend.tests.test_iteration21_cms.TestLandingContentPUT" name="test_admin_login_and_put_content" time="0.662" /><testcase classname="backend.tests.test_iteration21_cms.TestLandingContentPUT" name="test_admin_can_login_with_new_email" time="0.327" /></testsuite></testsuites>