<?xml version="1.0" encoding="utf-8"?><testsuites name="pytest tests"><testsuite name="pytest" errors="0" failures="0" skipped="0" tests="8" time="1.601" timestamp="2026-08-25T10:04:57.925308+00:00" hostname="agent-env-ea14bf1a-122b-4afb-b875-6fa74ed89aaf"><testcase classname="backend.tests.test_iteration24_admin_wa_config" name="test_templates_status_without_auth" time="0.310" /><testcase classname="backend.tests.test_iteration24_admin_wa_config" name="test_templates_status_with_admin_auth" time="0.491" /><testcase classname="backend.tests.test_iteration24_admin_wa_config" name="test_templates_status_names" time="0.106" /><testcase classname="backend.tests.test_iteration24_admin_wa_config" name="test_templates_status_fields" time="0.113" /><testcase classname="backend.tests.test_iteration24_admin_wa_config" name="test_templates_status_unknown_when_no_config" time="0.145" /><testcase classname="backend.tests.test_iteration24_admin_wa_config" name="test_get_whatsapp_config_without_auth" time="0.129" /><testcase classname="backend.tests.test_iteration24_admin_wa_config" name="test_get_whatsapp_config_with_admin" time="0.136" /><testcase classname="backend.tests.test_iteration24_admin_wa_config" name="test_webhook_endpoint_accessible" time="0.114" /></testsuite></testsuites>