<?xml version="1.0" encoding="utf-8"?><testsuites name="pytest tests"><testsuite name="pytest" errors="0" failures="2" skipped="0" tests="29" time="8.296" timestamp="2026-08-10T17:51:44.493348+00:00" hostname="agent-env-ea14bf1a-122b-4afb-b875-6fa74ed89aaf"><testcase classname="backend.tests.test_payment_settings.TestPaymentProviders" name="test_requires_bearer_authentication" time="0.273" /><testcase classname="backend.tests.test_payment_settings.TestPaymentProviders" name="test_returns_exact_supported_provider_array" time="0.861"><failure message="AssertionError: Endpoint contract requires a top-level array&#10;assert False&#10; +  where False = isinstance({'providers': [{'country': 'IN', 'fields': ['key_id', 'key_secret'], 'id': 'razorpay', 'name': 'Razorpay'}, {'country': 'IN', 'fields': ['merchant_id', 'salt_key', 'salt_index'], 'id': 'phonepe', 'name': 'PhonePe Business'}, {'country': 'IN', 'fields': ['merchant_id', 'merchant_key', 'website'], 'id': 'paytm', 'name': 'Paytm for Business'}, {'country': 'IN', 'fields': ['app_id', 'secret_key'], 'id': 'cashfree', 'name': 'Cashfree Payments'}, {'country': 'IN', 'fields': ['merchant_key', 'merchant_salt'], 'id': 'payu', 'name': 'PayU India'}, {'country': 'GLOBAL', 'fields': ['publishable_key', 'secret_key'], 'id': 'stripe', 'name': 'Stripe'}, ...]}, list)">backend/tests/test_payment_settings.py:166: in test_returns_exact_supported_provider_array
    assert isinstance(providers, list), "Endpoint contract requires a top-level array"
E   AssertionError: Endpoint contract requires a top-level array
E   assert False
E    +  where False = isinstance({'providers': [{'country': 'IN', 'fields': ['key_id', 'key_secret'], 'id': 'razorpay', 'name': 'Razorpay'}, {'country': 'IN', 'fields': ['merchant_id', 'salt_key', 'salt_index'], 'id': 'phonepe', 'name': 'PhonePe Business'}, {'country': 'IN', 'fields': ['merchant_id', 'merchant_key', 'website'], 'id': 'paytm', 'name': 'Paytm for Business'}, {'country': 'IN', 'fields': ['app_id', 'secret_key'], 'id': 'cashfree', 'name': 'Cashfree Payments'}, {'country': 'IN', 'fields': ['merchant_key', 'merchant_salt'], 'id': 'payu', 'name': 'PayU India'}, {'country': 'GLOBAL', 'fields': ['publishable_key', 'secret_key'], 'id': 'stripe', 'name': 'Stripe'}, ...]}, list)</failure></testcase><testcase classname="backend.tests.test_payment_settings.TestPaymentProviders" name="test_returned_provider_entries_have_exact_schema" time="0.116" /><testcase classname="backend.tests.test_payment_settings.TestUPIAndPaymentMethods" name="test_01_fresh_user_defaults_and_unconfigured_intent" time="0.277" /><testcase classname="backend.tests.test_payment_settings.TestUPIAndPaymentMethods" name="test_02_each_valid_method_persists[gateway]" time="0.253" /><testcase classname="backend.tests.test_payment_settings.TestUPIAndPaymentMethods" name="test_02_each_valid_method_persists[cash]" time="0.235" /><testcase classname="backend.tests.test_payment_settings.TestUPIAndPaymentMethods" name="test_02_each_valid_method_persists[upi]" time="0.275" /><testcase classname="backend.tests.test_payment_settings.TestUPIAndPaymentMethods" name="test_03_invalid_method_is_clear_400" time="0.138" /><testcase classname="backend.tests.test_payment_settings.TestUPIAndPaymentMethods" name="test_04_invalid_vpa_is_400" time="0.128" /><testcase classname="backend.tests.test_payment_settings.TestUPIAndPaymentMethods" name="test_05_upi_save_get_and_dynamic_intent" time="0.393" /><testcase classname="backend.tests.test_payment_settings.TestGatewaySettings" name="test_01_unknown_provider_and_missing_fields_are_400" time="0.306" /><testcase classname="backend.tests.test_payment_settings.TestGatewaySettings" name="test_02_razorpay_secret_is_masked_and_encrypted_at_rest" time="0.263" /><testcase classname="backend.tests.test_payment_settings.TestGatewaySettings" name="test_03_phonepe_masks_only_salt_key" time="0.295" /><testcase classname="backend.tests.test_payment_settings.TestGatewaySettings" name="test_04_sub_user_resolves_same_owner_settings" time="0.866" /><testcase classname="backend.tests.test_payment_settings.TestGatewaySettings" name="test_05_delete_gateway_clears_configuration" time="0.237" /><testcase classname="backend.tests.test_payment_settings.TestMarkCashPaid" name="test_01_full_amount_marks_paid_and_persists_audit_fields" time="0.398" /><testcase classname="backend.tests.test_payment_settings.TestMarkCashPaid" name="test_02_partial_amount_marks_partial" time="0.351" /><testcase classname="backend.tests.test_payment_settings.TestMarkCashPaid" name="test_03_whatsapp_receipt_never_500_when_provider_unconfigured" time="0.287" /><testcase classname="backend.tests.test_payment_settings.TestMarkCashPaid" name="test_04_non_positive_amount_is_400[0]" time="0.258" /><testcase classname="backend.tests.test_payment_settings.TestMarkCashPaid" name="test_04_non_positive_amount_is_400[-1]" time="0.266" /><testcase classname="backend.tests.test_payment_settings.TestMarkCashPaid" name="test_05_other_owner_invoice_is_404" time="0.279" /><testcase classname="backend.tests.test_payment_settings.TestMarkCashPaid" name="test_06_amount_above_invoice_total_is_rejected" time="0.241"><failure message="AssertionError: Cash settlement must not persist amount_paid above the invoice total: 200 {&quot;invoice_id&quot;:&quot;daec1b76-6be9-4308-9ab7-1073797441e5&quot;,&quot;payment_status&quot;:&quot;paid&quot;,&quot;amount_paid&quot;:201.0,&quot;receipt_sent&quot;:false}&#10;assert 200 == 400&#10; +  where 200 = &lt;Response [200]&gt;.status_code">backend/tests/test_payment_settings.py:578: in test_06_amount_above_invoice_total_is_rejected
    assert response.status_code == 400, (
E   AssertionError: Cash settlement must not persist amount_paid above the invoice total: 200 {"invoice_id":"daec1b76-6be9-4308-9ab7-1073797441e5","payment_status":"paid","amount_paid":201.0,"receipt_sent":false}
E   assert 200 == 400
E    +  where 200 = &lt;Response [200]&gt;.status_code</failure></testcase><testcase classname="backend.tests.test_payment_settings.TestRequestedRegressions" name="test_health" time="0.107" /><testcase classname="backend.tests.test_payment_settings.TestRequestedRegressions" name="test_auth_login" time="0.341" /><testcase classname="backend.tests.test_payment_settings.TestRequestedRegressions" name="test_authenticated_list_endpoints[appointments]" time="0.114" /><testcase classname="backend.tests.test_payment_settings.TestRequestedRegressions" name="test_authenticated_list_endpoints[clients]" time="0.126" /><testcase classname="backend.tests.test_payment_settings.TestRequestedRegressions" name="test_safety_timeline" time="0.127" /><testcase classname="backend.tests.test_payment_settings.TestRequestedRegressions" name="test_data_deletion_request" time="0.125" /><testcase classname="backend.tests.test_payment_settings.TestRequestedRegressions" name="test_meta_template_publish_unconfigured_is_400" time="0.155" /></testsuite></testsuites>