<?xml version="1.0" encoding="utf-8"?><testsuites name="pytest tests"><testsuite name="pytest" errors="0" failures="1" skipped="0" tests="16" time="14.199" timestamp="2026-08-10T18:16:39.451121+00:00" hostname="agent-env-ea14bf1a-122b-4afb-b875-6fa74ed89aaf"><testcase classname="backend.tests.test_iteration16_ux_phase_a.TestPrescriptionUXEndpoints" name="test_01_last_rx_fresh_then_returns_created_prescription" time="1.714" /><testcase classname="backend.tests.test_iteration16_ux_phase_a.TestPrescriptionUXEndpoints" name="test_02_outstanding_balance_fresh_then_sums_pending_and_partial" time="0.832" /><testcase classname="backend.tests.test_iteration16_ux_phase_a.TestPaymentVerification" name="test_01_verify_upi_and_gateway_without_saved_configuration" time="0.391" /><testcase classname="backend.tests.test_iteration16_ux_phase_a.TestPaymentVerification" name="test_02_valid_known_upi_invalid_save_and_unknown_handle" time="0.780" /><testcase classname="backend.tests.test_iteration16_ux_phase_a.TestPaymentVerification" name="test_03_bogus_razorpay_verification_is_graceful" time="1.052" /><testcase classname="backend.tests.test_iteration16_ux_phase_a.TestPaymentVerification" name="test_04_non_razorpay_format_check_and_gateway_delete" time="0.822" /><testcase classname="backend.tests.test_iteration16_ux_phase_a.TestPaymentVerification" name="test_05_payment_method_update_persists" time="0.554" /><testcase classname="backend.tests.test_iteration16_ux_phase_a.TestInvoiceReceiptAndCashProtection" name="test_01_paid_invoice_receipt_noops_without_whatsapp_provider" time="1.087"><failure message="AssertionError: {'persisted_receipt_sent_at': '2026-08-10T18:16:46.124661+00:00', 'persisted_receipt_status': 'sent', 'response': {'invoice_id': 'f4dae33c-3ddc-4d11-9470-b2c39c5cad6c', 'receipt_sent': True}}&#10;assert (True, 'sent'...124661+00:00') == (False, 'failed', None)&#10;  &#10;  At index 0 diff: True != False&#10;  &#10;  Full diff:&#10;    (&#10;  -     False,&#10;  -     'failed',...&#10;  &#10;  ...Full output truncated (5 lines hidden), use '-vv' to show">backend/tests/test_iteration16_ux_phase_a.py:529: in test_01_paid_invoice_receipt_noops_without_whatsapp_provider
    assert (
E   AssertionError: {'persisted_receipt_sent_at': '2026-08-10T18:16:46.124661+00:00', 'persisted_receipt_status': 'sent', 'response': {'invoice_id': 'f4dae33c-3ddc-4d11-9470-b2c39c5cad6c', 'receipt_sent': True}}
E   assert (True, 'sent'...124661+00:00') == (False, 'failed', None)
E     
E     At index 0 diff: True != False
E     
E     Full diff:
E       (
E     -     False,
E     -     'failed',...
E     
E     ...Full output truncated (5 lines hidden), use '-vv' to show</failure></testcase><testcase classname="backend.tests.test_iteration16_ux_phase_a.TestInvoiceReceiptAndCashProtection" name="test_02_unpaid_invoice_receipt_is_400" time="3.090" /><testcase classname="backend.tests.test_iteration16_ux_phase_a.TestInvoiceReceiptAndCashProtection" name="test_03_other_owner_receipt_is_404" time="2.017" /><testcase classname="backend.tests.test_iteration16_ux_phase_a.TestInvoiceReceiptAndCashProtection" name="test_04_cash_overpayment_is_rejected_and_not_persisted" time="0.920" /><testcase classname="backend.tests.test_iteration16_ux_phase_a.TestPhaseARegressions" name="test_01_health_response" time="0.180" /><testcase classname="backend.tests.test_iteration16_ux_phase_a.TestPhaseARegressions" name="test_02_supplied_doctor_and_reviewer_logins" time="0.000" /><testcase classname="backend.tests.test_iteration16_ux_phase_a.TestPhaseARegressions" name="test_03_authenticated_list_endpoints[appointments]" time="0.179" /><testcase classname="backend.tests.test_iteration16_ux_phase_a.TestPhaseARegressions" name="test_03_authenticated_list_endpoints[clients]" time="0.249" /><testcase classname="backend.tests.test_iteration16_ux_phase_a.TestPhaseARegressions" name="test_04_safety_timeline" time="0.138" /></testsuite></testsuites>