<?xml version="1.0" encoding="utf-8"?><testsuites name="pytest tests"><testsuite name="pytest" errors="0" failures="0" skipped="0" tests="10" time="2.032" timestamp="2026-08-25T11:25:51.003122+00:00" hostname="agent-env-ea14bf1a-122b-4afb-b875-6fa74ed89aaf"><testcase classname="backend.tests.test_specialty_intake" name="test_get_specialty_rules_authenticated" time="0.683" /><testcase classname="backend.tests.test_specialty_intake" name="test_get_specialty_rules_unauthenticated" time="0.144" /><testcase classname="backend.tests.test_specialty_intake" name="test_put_specialty_rules_valid" time="0.129" /><testcase classname="backend.tests.test_specialty_intake" name="test_put_specialty_rules_invalid_severity" time="0.167" /><testcase classname="backend.tests.test_specialty_intake" name="test_get_specialty_rules_persistence" time="0.116" /><testcase classname="backend.tests.test_specialty_intake" name="test_get_specialty_defaults_cardiologist" time="0.127" /><testcase classname="backend.tests.test_specialty_intake" name="test_get_specialty_defaults_unknown" time="0.134" /><testcase classname="backend.tests.test_specialty_intake" name="test_put_auth_specialty" time="0.127" /><testcase classname="backend.tests.test_specialty_intake" name="test_put_auth_specialty_verify" time="0.230" /><testcase classname="backend.tests.test_specialty_intake" name="test_reset_specialty" time="0.115" /></testsuite></testsuites>