<?xml version="1.0" encoding="utf-8"?><testsuites name="pytest tests"><testsuite name="pytest" errors="0" failures="0" skipped="0" tests="9" time="2.500" timestamp="2026-08-10T16:20:06.485838+00:00" hostname="agent-env-ea14bf1a-122b-4afb-b875-6fa74ed89aaf"><testcase classname="backend.tests.test_safety_timeline.TestSafetyTimeline" name="test_plus_phone_without_history_does_not_crash" time="0.745" /><testcase classname="backend.tests.test_safety_timeline.TestSafetyTimeline" name="test_timeline_aggregates_appointment_prescription_invoice_and_ambient" time="0.151" /><testcase classname="backend.tests.test_safety_timeline.TestSafetyAllergiesAndDrugCheck" name="test_allergy_upsert_persists_via_get" time="0.254" /><testcase classname="backend.tests.test_safety_timeline.TestSafetyAllergiesAndDrugCheck" name="test_amoxicillin_has_no_direct_allergy_conflict" time="0.131" /><testcase classname="backend.tests.test_safety_timeline.TestSafetyAllergiesAndDrugCheck" name="test_penicillin_v_triggers_allergy_conflict" time="0.134" /><testcase classname="backend.tests.test_safety_timeline.TestRequestedRegressions" name="test_health" time="0.206" /><testcase classname="backend.tests.test_safety_timeline.TestRequestedRegressions" name="test_login" time="0.370" /><testcase classname="backend.tests.test_safety_timeline.TestRequestedRegressions" name="test_authenticated_list_endpoint[appointments]" time="0.157" /><testcase classname="backend.tests.test_safety_timeline.TestRequestedRegressions" name="test_authenticated_list_endpoint[clients]" time="0.209" /></testsuite></testsuites>