<?xml version="1.0" encoding="utf-8"?><testsuites name="pytest tests"><testsuite name="pytest" errors="0" failures="0" skipped="0" tests="13" time="3.520" timestamp="2026-08-26T17:27:14.584649+00:00" hostname="agent-env-ea14bf1a-122b-4afb-b875-6fa74ed89aaf"><testcase classname="backend.tests.test_specialty_followup_iteration28.TestCalendarAvailableSlots" name="test_slots_returns_200" time="0.825" /><testcase classname="backend.tests.test_specialty_followup_iteration28.TestCalendarAvailableSlots" name="test_slots_response_structure" time="0.191" /><testcase classname="backend.tests.test_specialty_followup_iteration28.TestCalendarAvailableSlots" name="test_slots_have_correct_fields" time="0.217" /><testcase classname="backend.tests.test_specialty_followup_iteration28.TestCalendarAvailableSlots" name="test_slots_requires_auth" time="0.190" /><testcase classname="backend.tests.test_specialty_followup_iteration28.TestCalendarAvailableSlots" name="test_slots_invalid_date" time="0.163" /><testcase classname="backend.tests.test_specialty_followup_iteration28.TestSpecialtyUpdate" name="test_set_physiotherapist_specialty" time="0.159" /><testcase classname="backend.tests.test_specialty_followup_iteration28.TestSpecialtyUpdate" name="test_verify_specialty_set" time="0.170" /><testcase classname="backend.tests.test_specialty_followup_iteration28.TestSpecialtyUpdate" name="test_reset_specialty_general" time="0.161" /><testcase classname="backend.tests.test_specialty_followup_iteration28.TestFollowUpAppointmentCreation" name="test_prescription_with_followup_slot" time="0.412" /><testcase classname="backend.tests.test_specialty_followup_iteration28.TestFollowUpAppointmentCreation" name="test_followup_appointment_created_in_db" time="0.418" /><testcase classname="backend.tests.test_specialty_followup_iteration28.TestFollowUpAppointmentCreation" name="test_prescription_with_specialty_plan_physio" time="0.169" /><testcase classname="backend.tests.test_specialty_followup_iteration28.TestDashboardAndAppointmentsLoad" name="test_dashboard_api_responds" time="0.172" /><testcase classname="backend.tests.test_specialty_followup_iteration28.TestDashboardAndAppointmentsLoad" name="test_appointments_api_responds" time="0.207" /></testsuite></testsuites>