<?xml version="1.0" encoding="utf-8"?><testsuites name="pytest tests"><testsuite name="pytest" errors="0" failures="0" skipped="0" tests="9" time="2.280" timestamp="2026-08-20T08:39:47.595418+00:00" hostname="agent-env-ea14bf1a-122b-4afb-b875-6fa74ed89aaf"><testcase classname="backend.tests.test_iteration20_features.TestQueueToday" name="test_returns_200" time="0.662" /><testcase classname="backend.tests.test_iteration20_features.TestQueueToday" name="test_has_avg_consult_minutes" time="0.150" /><testcase classname="backend.tests.test_iteration20_features.TestQueueToday" name="test_checked_in_appointment_has_wait_time" time="0.279" /><testcase classname="backend.tests.test_iteration20_features.TestDayEndSummary" name="test_returns_200" time="0.114" /><testcase classname="backend.tests.test_iteration20_features.TestDayEndSummary" name="test_has_required_fields" time="0.125" /><testcase classname="backend.tests.test_iteration20_features.TestDayEndSummary" name="test_all_done_false_when_active_appts" time="0.115" /><testcase classname="backend.tests.test_iteration20_features.TestPreIntakeAutoCapture" name="test_rahul_appointment_has_auto_captured" time="0.126" /><testcase classname="backend.tests.test_iteration20_features.TestPreIntakeAutoCapture" name="test_rahul_appointment_has_symptoms" time="0.141" /><testcase classname="backend.tests.test_iteration20_features.TestPreIntakeAutoCapture" name="test_day_end_all_done_after_completing_all" time="0.505" /></testsuite></testsuites>