<?xml version="1.0" encoding="utf-8"?><testsuites name="pytest tests"><testsuite name="pytest" errors="0" failures="2" skipped="0" tests="2" time="1.264" timestamp="2026-08-10T17:52:01.185248+00:00" hostname="agent-env-ea14bf1a-122b-4afb-b875-6fa74ed89aaf"><testcase classname="backend.tests.test_payment_settings.TestPaymentProviders" name="test_returns_exact_supported_provider_array" time="0.876"><failure message="AssertionError: Endpoint contract requires a top-level array&#10;assert False&#10; +  where False = isinstance({'providers': [{'country': 'IN', 'fields': ['key_id', 'key_secret'], 'id': 'razorpay', 'name': 'Razorpay'}, {'country': 'IN', 'fields': ['merchant_id', 'salt_key', 'salt_index'], 'id': 'phonepe', 'name': 'PhonePe Business'}, {'country': 'IN', 'fields': ['merchant_id', 'merchant_key', 'website'], 'id': 'paytm', 'name': 'Paytm for Business'}, {'country': 'IN', 'fields': ['app_id', 'secret_key'], 'id': 'cashfree', 'name': 'Cashfree Payments'}, {'country': 'IN', 'fields': ['merchant_key', 'merchant_salt'], 'id': 'payu', 'name': 'PayU India'}, {'country': 'GLOBAL', 'fields': ['publishable_key', 'secret_key'], 'id': 'stripe', 'name': 'Stripe'}, ...]}, list)">backend/tests/test_payment_settings.py:166: in test_returns_exact_supported_provider_array
    assert isinstance(providers, list), "Endpoint contract requires a top-level array"
E   AssertionError: Endpoint contract requires a top-level array
E   assert False
E    +  where False = isinstance({'providers': [{'country': 'IN', 'fields': ['key_id', 'key_secret'], 'id': 'razorpay', 'name': 'Razorpay'}, {'country': 'IN', 'fields': ['merchant_id', 'salt_key', 'salt_index'], 'id': 'phonepe', 'name': 'PhonePe Business'}, {'country': 'IN', 'fields': ['merchant_id', 'merchant_key', 'website'], 'id': 'paytm', 'name': 'Paytm for Business'}, {'country': 'IN', 'fields': ['app_id', 'secret_key'], 'id': 'cashfree', 'name': 'Cashfree Payments'}, {'country': 'IN', 'fields': ['merchant_key', 'merchant_salt'], 'id': 'payu', 'name': 'PayU India'}, {'country': 'GLOBAL', 'fields': ['publishable_key', 'secret_key'], 'id': 'stripe', 'name': 'Stripe'}, ...]}, list)</failure></testcase><testcase classname="backend.tests.test_payment_settings.TestMarkCashPaid" name="test_06_amount_above_invoice_total_is_rejected" time="0.240"><failure message="AssertionError: Cash settlement must not persist amount_paid above the invoice total: 200 {&quot;invoice_id&quot;:&quot;867e78c4-1415-41a9-b060-7e68116911dd&quot;,&quot;payment_status&quot;:&quot;paid&quot;,&quot;amount_paid&quot;:201.0,&quot;receipt_sent&quot;:false}&#10;assert 200 == 400&#10; +  where 200 = &lt;Response [200]&gt;.status_code">backend/tests/test_payment_settings.py:578: in test_06_amount_above_invoice_total_is_rejected
    assert response.status_code == 400, (
E   AssertionError: Cash settlement must not persist amount_paid above the invoice total: 200 {"invoice_id":"867e78c4-1415-41a9-b060-7e68116911dd","payment_status":"paid","amount_paid":201.0,"receipt_sent":false}
E   assert 200 == 400
E    +  where 200 = &lt;Response [200]&gt;.status_code</failure></testcase></testsuite></testsuites>