<?xml version="1.0" encoding="utf-8"?><testsuites name="pytest tests"><testsuite name="pytest" errors="0" failures="2" skipped="0" tests="52" time="55.621" timestamp="2026-08-10T11:04:16.751856+00:00" hostname="agent-env-ea14bf1a-122b-4afb-b875-6fa74ed89aaf"><testcase classname="backend.tests.test_rbac.TestSubUserCreation" name="test_role_fields_and_list_persistence[assistant]" time="3.262" /><testcase classname="backend.tests.test_rbac.TestSubUserCreation" name="test_role_fields_and_list_persistence[front_desk]" time="0.104" /><testcase classname="backend.tests.test_rbac.TestSubUserCreation" name="test_invalid_roles_rejected[admin]" time="0.107" /><testcase classname="backend.tests.test_rbac.TestSubUserCreation" name="test_invalid_roles_rejected[doctor]" time="0.102" /><testcase classname="backend.tests.test_rbac.TestSubUserCreation" name="test_invalid_roles_rejected[invalid]" time="0.104" /><testcase classname="backend.tests.test_rbac.TestSubUserCreation" name="test_max_two_per_role_per_clinic[assistant]" time="0.433" /><testcase classname="backend.tests.test_rbac.TestSubUserCreation" name="test_max_two_per_role_per_clinic[front_desk]" time="0.440" /><testcase classname="backend.tests.test_rbac.TestAssistantPermissions" name="test_read_appointments_and_clients_scoped_to_parent" time="0.202" /><testcase classname="backend.tests.test_rbac.TestAssistantPermissions" name="test_blocked_endpoints[post-/appointments-payload0]" time="0.099" /><testcase classname="backend.tests.test_rbac.TestAssistantPermissions" name="test_blocked_endpoints[post-/prescriptions/drug-interactions-payload1]" time="0.108" /><testcase classname="backend.tests.test_rbac.TestAssistantPermissions" name="test_blocked_endpoints[post-/invoices-payload2]" time="0.128" /><testcase classname="backend.tests.test_rbac.TestAssistantPermissions" name="test_blocked_endpoints[post-/clinics-payload3]" time="0.124" /><testcase classname="backend.tests.test_rbac.TestAssistantPermissions" name="test_blocked_endpoints[get-/analytics/opd-None]" time="0.100" /><testcase classname="backend.tests.test_rbac.TestAssistantPermissions" name="test_blocked_endpoints[post-/hexa/command-payload5]" time="0.121" /><testcase classname="backend.tests.test_rbac.TestAssistantPermissions" name="test_blocked_endpoints[post-/clinics/sub-users-payload6]" time="0.101" /><testcase classname="backend.tests.test_rbac.TestAssistantPermissions" name="test_consultation_notes_post_blocked" time="0.100" /><testcase classname="backend.tests.test_rbac.TestAssistantPermissions" name="test_status_only_update_allowed_but_notes_update_blocked" time="0.304" /><testcase classname="backend.tests.test_rbac.TestAssistantPermissions" name="test_appointment_delete_blocked" time="0.216" /><testcase classname="backend.tests.test_rbac.TestAssistantPermissions" name="test_invoice_update_blocked" time="0.105" /><testcase classname="backend.tests.test_rbac.TestAssistantPermissions" name="test_consultation_notes_read_and_update_blocked[get-/consultation-notes-None]" time="0.102" /><testcase classname="backend.tests.test_rbac.TestAssistantPermissions" name="test_consultation_notes_read_and_update_blocked[get-/consultation-notes/by-appointment/fake-id-None]" time="0.101" /><testcase classname="backend.tests.test_rbac.TestAssistantPermissions" name="test_consultation_notes_read_and_update_blocked[put-/consultation-notes/fake-id-payload2]" time="0.110" /><testcase classname="backend.tests.test_rbac.TestFrontDeskPermissions" name="test_parent_scoped_listing" time="11.340" /><testcase classname="backend.tests.test_rbac.TestFrontDeskPermissions" name="test_appointment_full_crud" time="30.738" /><testcase classname="backend.tests.test_rbac.TestFrontDeskPermissions" name="test_clients_read_allowed" time="0.118" /><testcase classname="backend.tests.test_rbac.TestFrontDeskPermissions" name="test_sensitive_posts_blocked[post-/prescriptions/drug-interactions-payload0]" time="0.211" /><testcase classname="backend.tests.test_rbac.TestFrontDeskPermissions" name="test_sensitive_posts_blocked[post-/prescriptions-payload1]" time="0.101" /><testcase classname="backend.tests.test_rbac.TestFrontDeskPermissions" name="test_sensitive_posts_blocked[post-/hexa/command-payload2]" time="0.097" /><testcase classname="backend.tests.test_rbac.TestFrontDeskPermissions" name="test_sensitive_posts_blocked[post-/clinics-payload3]" time="0.103" /><testcase classname="backend.tests.test_rbac.TestFrontDeskPermissions" name="test_consultation_notes_blocked" time="0.408" /><testcase classname="backend.tests.test_rbac.TestFrontDeskPermissions" name="test_invoice_create_allowed_and_parent_scoped" time="0.199" /><testcase classname="backend.tests.test_rbac.TestFrontDeskPermissions" name="test_invoice_delete_blocked" time="0.204" /><testcase classname="backend.tests.test_rbac.TestSubUserClientPrivacy" name="test_client_detail_does_not_expose_prescriptions[assistant]" time="0.222"><failure message="AssertionError: assistant received doctor prescriptions/private notes through client detail&#10;assert not [{'appointment_id': 'ee27291f-7e70-4d81-8ccb-0f11c33182c3', 'client_name': 'TEST_RBAC_Shared_1786359857_4b395a', 'client_phone': '+919645565255', 'created_at': '2026-08-10T11:05:07.113218+00:00', ...}]&#10; +  where [{'appointment_id': 'ee27291f-7e70-4d81-8ccb-0f11c33182c3', 'client_name': 'TEST_RBAC_Shared_1786359857_4b395a', 'client_phone': '+919645565255', 'created_at': '2026-08-10T11:05:07.113218+00:00', ...}] = &lt;built-in method get of dict object at 0xfb10bfa0f040&gt;('prescriptions')&#10; +    where &lt;built-in method get of dict object at 0xfb10bfa0f040&gt; = {'appointments': [{'appointment_date': '2026-08-20', 'client_email': 'rbac_patient_1786359857_4b395a@test.com', 'client_name': 'TEST_RBAC_Shared_1786359857_4b395a', 'client_phone': '+919645565255', ...}], 'created_at': '2026-08-10T11:04:19.908386+00:00', 'email': 'rbac_patient_1786359857_4b395a@test.com', 'id': '0ebb6003-9130-4632-a047-75fe7a2b30c3', ...}.get">backend/tests/test_rbac.py:583: in test_client_detail_does_not_expose_prescriptions
    assert not body.get("prescriptions"), (
E   AssertionError: assistant received doctor prescriptions/private notes through client detail
E   assert not [{'appointment_id': 'ee27291f-7e70-4d81-8ccb-0f11c33182c3', 'client_name': 'TEST_RBAC_Shared_1786359857_4b395a', 'client_phone': '+919645565255', 'created_at': '2026-08-10T11:05:07.113218+00:00', ...}]
E    +  where [{'appointment_id': 'ee27291f-7e70-4d81-8ccb-0f11c33182c3', 'client_name': 'TEST_RBAC_Shared_1786359857_4b395a', 'client_phone': '+919645565255', 'created_at': '2026-08-10T11:05:07.113218+00:00', ...}] = &lt;built-in method get of dict object at 0xfb10bfa0f040&gt;('prescriptions')
E    +    where &lt;built-in method get of dict object at 0xfb10bfa0f040&gt; = {'appointments': [{'appointment_date': '2026-08-20', 'client_email': 'rbac_patient_1786359857_4b395a@test.com', 'client_name': 'TEST_RBAC_Shared_1786359857_4b395a', 'client_phone': '+919645565255', ...}], 'created_at': '2026-08-10T11:04:19.908386+00:00', 'email': 'rbac_patient_1786359857_4b395a@test.com', 'id': '0ebb6003-9130-4632-a047-75fe7a2b30c3', ...}.get</failure></testcase><testcase classname="backend.tests.test_rbac.TestSubUserClientPrivacy" name="test_client_detail_does_not_expose_prescriptions[front_desk]" time="0.217"><failure message="AssertionError: front_desk received doctor prescriptions/private notes through client detail&#10;assert not [{'appointment_id': 'ee27291f-7e70-4d81-8ccb-0f11c33182c3', 'client_name': 'TEST_RBAC_Shared_1786359857_4b395a', 'client_phone': '+919645565255', 'created_at': '2026-08-10T11:05:07.367011+00:00', ...}]&#10; +  where [{'appointment_id': 'ee27291f-7e70-4d81-8ccb-0f11c33182c3', 'client_name': 'TEST_RBAC_Shared_1786359857_4b395a', 'client_phone': '+919645565255', 'created_at': '2026-08-10T11:05:07.367011+00:00', ...}] = &lt;built-in method get of dict object at 0xfb10bdf9f980&gt;('prescriptions')&#10; +    where &lt;built-in method get of dict object at 0xfb10bdf9f980&gt; = {'appointments': [{'appointment_date': '2026-08-20', 'client_email': 'rbac_patient_1786359857_4b395a@test.com', 'client_name': 'TEST_RBAC_Shared_1786359857_4b395a', 'client_phone': '+919645565255', ...}], 'created_at': '2026-08-10T11:04:19.908386+00:00', 'email': 'rbac_patient_1786359857_4b395a@test.com', 'id': '0ebb6003-9130-4632-a047-75fe7a2b30c3', ...}.get">backend/tests/test_rbac.py:583: in test_client_detail_does_not_expose_prescriptions
    assert not body.get("prescriptions"), (
E   AssertionError: front_desk received doctor prescriptions/private notes through client detail
E   assert not [{'appointment_id': 'ee27291f-7e70-4d81-8ccb-0f11c33182c3', 'client_name': 'TEST_RBAC_Shared_1786359857_4b395a', 'client_phone': '+919645565255', 'created_at': '2026-08-10T11:05:07.367011+00:00', ...}]
E    +  where [{'appointment_id': 'ee27291f-7e70-4d81-8ccb-0f11c33182c3', 'client_name': 'TEST_RBAC_Shared_1786359857_4b395a', 'client_phone': '+919645565255', 'created_at': '2026-08-10T11:05:07.367011+00:00', ...}] = &lt;built-in method get of dict object at 0xfb10bdf9f980&gt;('prescriptions')
E    +    where &lt;built-in method get of dict object at 0xfb10bdf9f980&gt; = {'appointments': [{'appointment_date': '2026-08-20', 'client_email': 'rbac_patient_1786359857_4b395a@test.com', 'client_name': 'TEST_RBAC_Shared_1786359857_4b395a', 'client_phone': '+919645565255', ...}], 'created_at': '2026-08-10T11:04:19.908386+00:00', 'email': 'rbac_patient_1786359857_4b395a@test.com', 'id': '0ebb6003-9130-4632-a047-75fe7a2b30c3', ...}.get</failure></testcase><testcase classname="backend.tests.test_rbac.TestLegacyReceptionist" name="test_login_role_and_parent_scoped_reads" time="0.198" /><testcase classname="backend.tests.test_rbac.TestLegacyReceptionist" name="test_sensitive_routes_still_blocked" time="0.196" /><testcase classname="backend.tests.test_rbac.TestLegacyReceptionist" name="test_consultation_notes_all_endpoints_blocked[post-/consultation-notes-payload0]" time="0.105" /><testcase classname="backend.tests.test_rbac.TestLegacyReceptionist" name="test_consultation_notes_all_endpoints_blocked[get-/consultation-notes-None]" time="0.103" /><testcase classname="backend.tests.test_rbac.TestLegacyReceptionist" name="test_consultation_notes_all_endpoints_blocked[get-/consultation-notes/by-appointment/fake-id-None]" time="0.103" /><testcase classname="backend.tests.test_rbac.TestLegacyReceptionist" name="test_consultation_notes_all_endpoints_blocked[put-/consultation-notes/fake-id-payload3]" time="0.103" /><testcase classname="backend.tests.test_rbac.TestAdminLicenses" name="test_admin_login_response" time="0.325" /><testcase classname="backend.tests.test_rbac.TestAdminLicenses" name="test_admin_list_and_summary" time="0.206" /><testcase classname="backend.tests.test_rbac.TestAdminLicenses" name="test_non_admin_forbidden[/admin/licenses]" time="0.100" /><testcase classname="backend.tests.test_rbac.TestAdminLicenses" name="test_non_admin_forbidden[/admin/licenses/summary]" time="0.104" /><testcase classname="backend.tests.test_rbac.TestDoctorRegression" name="test_doctor_get_regressions[/medication-reminders-list]" time="0.101" /><testcase classname="backend.tests.test_rbac.TestDoctorRegression" name="test_doctor_get_regressions[/patient-portal/links-list]" time="0.101" /><testcase classname="backend.tests.test_rbac.TestDoctorRegression" name="test_doctor_get_regressions[/invoices-list]" time="0.100" /><testcase classname="backend.tests.test_rbac.TestDoctorRegression" name="test_doctor_account_has_doctor_role" time="0.107" /><testcase classname="backend.tests.test_rbac.TestDoctorRegression" name="test_doctor_consultation_note_create" time="0.098" /><testcase classname="backend.tests.test_rbac.TestDoctorRegression" name="test_doctor_hexa_command" time="1.099" /><testcase classname="backend.tests.test_rbac.TestDoctorRegression" name="test_doctor_drug_interactions" time="0.142" /><testcase classname="backend.tests.test_rbac.TestDoctorRegression" name="test_doctor_prescription_transcribe" time="1.564" /></testsuite></testsuites>