<?xml version="1.0" encoding="utf-8"?><testsuites name="pytest tests"><testsuite name="pytest" errors="0" failures="1" skipped="0" tests="18" time="5.430" timestamp="2026-08-10T18:31:41.088592+00:00" hostname="agent-env-ea14bf1a-122b-4afb-b875-6fa74ed89aaf"><testcase classname="tests.test_iteration17_phase_c.TestPreConsultationIntake" name="test_01_create_appointment_records_pre_intake_dispatch" time="1.482" /><testcase classname="tests.test_iteration17_phase_c.TestPreConsultationIntake" name="test_02_save_pre_intake_persists_capture_metadata" time="0.267" /><testcase classname="tests.test_iteration17_phase_c.TestPreConsultationIntake" name="test_03_wrong_owner_cannot_capture_pre_intake" time="0.111" /><testcase classname="tests.test_iteration17_phase_c.TestPreConsultationIntake" name="test_04_non_string_pre_intake_is_validation_error" time="0.129"><failure message="AssertionError: Internal Server Error&#10;assert 500 in (400, 422)&#10; +  where 500 = &lt;Response [500]&gt;.status_code">tests/test_iteration17_phase_c.py:288: in test_04_non_string_pre_intake_is_validation_error
    assert response.status_code in (400, 422), response.text
E   AssertionError: Internal Server Error
E   assert 500 in (400, 422)
E    +  where 500 = &lt;Response [500]&gt;.status_code</failure></testcase><testcase classname="tests.test_iteration17_phase_c.TestGoogleReviewLoop" name="test_01_initial_review_settings_defaults" time="0.123" /><testcase classname="tests.test_iteration17_phase_c.TestGoogleReviewLoop" name="test_02_save_and_fetch_review_settings" time="0.270" /><testcase classname="tests.test_iteration17_phase_c.TestGoogleReviewLoop" name="test_03_review_settings_reject_invalid_url_and_delay" time="0.441" /><testcase classname="tests.test_iteration17_phase_c.TestGoogleReviewLoop" name="test_04_feedback_prompt_contains_configured_review_link" time="0.320" /><testcase classname="tests.test_iteration17_phase_c.TestPublicUPIPaymentIntent" name="test_01_post_intent_requires_authentication" time="0.167" /><testcase classname="tests.test_iteration17_phase_c.TestPublicUPIPaymentIntent" name="test_02_create_and_persist_upi_intent" time="0.351" /><testcase classname="tests.test_iteration17_phase_c.TestPublicUPIPaymentIntent" name="test_03_public_get_intent_without_bearer_header" time="0.144" /><testcase classname="tests.test_iteration17_phase_c.TestPublicUPIPaymentIntent" name="test_04_public_get_nonexistent_is_404" time="0.116" /><testcase classname="tests.test_iteration17_phase_c.TestPhaseCRegressions" name="test_01_health_and_supplied_logins" time="0.135" /><testcase classname="tests.test_iteration17_phase_c.TestPhaseCRegressions" name="test_02_authenticated_list_endpoints[appointments]" time="0.111" /><testcase classname="tests.test_iteration17_phase_c.TestPhaseCRegressions" name="test_02_authenticated_list_endpoints[clients]" time="0.140" /><testcase classname="tests.test_iteration17_phase_c.TestPhaseCRegressions" name="test_03_payment_settings_get" time="0.112" /><testcase classname="tests.test_iteration17_phase_c.TestPhaseCRegressions" name="test_04_paid_receipt_reports_false_without_twilio" time="0.355" /><testcase classname="tests.test_iteration17_phase_c.TestPhaseCRegressions" name="test_05_cash_overpayment_is_400_and_not_persisted" time="0.464" /></testsuite></testsuites>