<?xml version="1.0" encoding="utf-8"?><testsuites name="pytest tests"><testsuite name="pytest" errors="0" failures="0" skipped="0" tests="13" time="8.364" timestamp="2026-05-18T14:14:21.670915+00:00" hostname="agent-env-ea14bf1a-122b-4afb-b875-6fa74ed89aaf"><testcase classname="backend.tests.test_invoices.TestConsultationTypes" name="test_create_list_update_delete" time="1.335" /><testcase classname="backend.tests.test_invoices.TestConsultationTypes" name="test_negative_fee_rejected" time="0.153" /><testcase classname="backend.tests.test_invoices.TestConsultationTypes" name="test_receptionist_get_allowed_mutations_blocked" time="2.717" /><testcase classname="backend.tests.test_invoices.TestInvoiceMath" name="test_set1_subtotal800_discount50_tax10" time="0.155" /><testcase classname="backend.tests.test_invoices.TestInvoiceMath" name="test_set2_subtotal500_disc0_tax18" time="0.163" /><testcase classname="backend.tests.test_invoices.TestInvoiceAutoNumber" name="test_format_and_per_year" time="0.322" /><testcase classname="backend.tests.test_invoices.TestInvoiceAutoNumber" name="test_concurrent_unique_numbers" time="0.319" /><testcase classname="backend.tests.test_invoices.TestInvoiceUpdate" name="test_recompute_on_update" time="0.536" /><testcase classname="backend.tests.test_invoices.TestInvoiceUpdate" name="test_mark_paid_and_overpay_rejected" time="0.652" /><testcase classname="backend.tests.test_invoices.TestInvoiceFilters" name="test_status_and_client_phone" time="0.633" /><testcase classname="backend.tests.test_invoices.TestInvoicePermissions" name="test_receptionist_can_list_and_create_but_not_delete" time="0.952" /><testcase classname="backend.tests.test_invoices.TestInvoiceValidation" name="test_empty_items_rejected" time="0.190" /><testcase classname="backend.tests.test_invoices.TestInvoiceValidation" name="test_invalid_status_on_create" time="0.154" /></testsuite></testsuites>