<?xml version="1.0" encoding="utf-8"?><testsuites name="pytest tests"><testsuite name="pytest" errors="0" failures="0" skipped="0" tests="54" time="15.944" timestamp="2026-08-10T11:17:52.217190+00:00" hostname="agent-env-ea14bf1a-122b-4afb-b875-6fa74ed89aaf"><testcase classname="backend.tests.test_rbac.TestSubUserCreation" name="test_role_fields_and_list_persistence[assistant]" time="2.979" /><testcase classname="backend.tests.test_rbac.TestSubUserCreation" name="test_role_fields_and_list_persistence[front_desk]" time="0.101" /><testcase classname="backend.tests.test_rbac.TestSubUserCreation" name="test_invalid_roles_rejected[admin]" time="0.106" /><testcase classname="backend.tests.test_rbac.TestSubUserCreation" name="test_invalid_roles_rejected[doctor]" time="0.115" /><testcase classname="backend.tests.test_rbac.TestSubUserCreation" name="test_invalid_roles_rejected[invalid]" time="0.101" /><testcase classname="backend.tests.test_rbac.TestSubUserCreation" name="test_max_two_per_role_per_clinic[assistant]" time="0.427" /><testcase classname="backend.tests.test_rbac.TestSubUserCreation" name="test_max_two_per_role_per_clinic[front_desk]" time="0.437" /><testcase classname="backend.tests.test_rbac.TestAssistantPermissions" name="test_read_appointments_and_clients_scoped_to_parent" time="0.205" /><testcase classname="backend.tests.test_rbac.TestAssistantPermissions" name="test_blocked_endpoints[post-/appointments-payload0]" time="0.105" /><testcase classname="backend.tests.test_rbac.TestAssistantPermissions" name="test_blocked_endpoints[post-/prescriptions/drug-interactions-payload1]" time="0.103" /><testcase classname="backend.tests.test_rbac.TestAssistantPermissions" name="test_blocked_endpoints[post-/invoices-payload2]" time="0.100" /><testcase classname="backend.tests.test_rbac.TestAssistantPermissions" name="test_blocked_endpoints[post-/clinics-payload3]" time="0.134" /><testcase classname="backend.tests.test_rbac.TestAssistantPermissions" name="test_blocked_endpoints[get-/analytics/opd-None]" time="0.112" /><testcase classname="backend.tests.test_rbac.TestAssistantPermissions" name="test_blocked_endpoints[post-/hexa/command-payload5]" time="0.128" /><testcase classname="backend.tests.test_rbac.TestAssistantPermissions" name="test_blocked_endpoints[post-/clinics/sub-users-payload6]" time="0.101" /><testcase classname="backend.tests.test_rbac.TestAssistantPermissions" name="test_consultation_notes_post_blocked" time="0.100" /><testcase classname="backend.tests.test_rbac.TestAssistantPermissions" name="test_status_only_update_allowed_but_notes_update_blocked" time="0.322" /><testcase classname="backend.tests.test_rbac.TestAssistantPermissions" name="test_appointment_delete_blocked" time="0.208" /><testcase classname="backend.tests.test_rbac.TestAssistantPermissions" name="test_invoice_update_blocked" time="0.105" /><testcase classname="backend.tests.test_rbac.TestAssistantPermissions" name="test_consultation_notes_read_and_update_blocked[get-/consultation-notes-None]" time="0.098" /><testcase classname="backend.tests.test_rbac.TestAssistantPermissions" name="test_consultation_notes_read_and_update_blocked[get-/consultation-notes/by-appointment/fake-id-None]" time="0.098" /><testcase classname="backend.tests.test_rbac.TestAssistantPermissions" name="test_consultation_notes_read_and_update_blocked[put-/consultation-notes/fake-id-payload2]" time="0.097" /><testcase classname="backend.tests.test_rbac.TestFrontDeskPermissions" name="test_parent_scoped_listing" time="0.109" /><testcase classname="backend.tests.test_rbac.TestFrontDeskPermissions" name="test_appointment_full_crud" time="0.636" /><testcase classname="backend.tests.test_rbac.TestFrontDeskPermissions" name="test_clients_read_allowed" time="0.097" /><testcase classname="backend.tests.test_rbac.TestFrontDeskPermissions" name="test_sensitive_posts_blocked[post-/prescriptions/drug-interactions-payload0]" time="0.104" /><testcase classname="backend.tests.test_rbac.TestFrontDeskPermissions" name="test_sensitive_posts_blocked[post-/prescriptions-payload1]" time="0.096" /><testcase classname="backend.tests.test_rbac.TestFrontDeskPermissions" name="test_sensitive_posts_blocked[post-/hexa/command-payload2]" time="0.102" /><testcase classname="backend.tests.test_rbac.TestFrontDeskPermissions" name="test_sensitive_posts_blocked[post-/clinics-payload3]" time="0.114" /><testcase classname="backend.tests.test_rbac.TestFrontDeskPermissions" name="test_consultation_notes_blocked" time="0.396" /><testcase classname="backend.tests.test_rbac.TestFrontDeskPermissions" name="test_invoice_create_allowed_and_parent_scoped" time="0.197" /><testcase classname="backend.tests.test_rbac.TestFrontDeskPermissions" name="test_invoice_delete_blocked" time="0.197" /><testcase classname="backend.tests.test_rbac.TestSubUserClientPrivacy" name="test_client_detail_does_not_expose_prescriptions[assistant]" time="0.203" /><testcase classname="backend.tests.test_rbac.TestSubUserClientPrivacy" name="test_client_detail_does_not_expose_prescriptions[front_desk]" time="0.205" /><testcase classname="backend.tests.test_rbac.TestSubUserClientPrivacy" name="test_client_detail_does_not_expose_prescriptions[legacy]" time="0.203" /><testcase classname="backend.tests.test_rbac.TestSubUserClientPrivacy" name="test_doctor_client_detail_includes_prescriptions" time="0.209" /><testcase classname="backend.tests.test_rbac.TestLegacyReceptionist" name="test_login_role_and_parent_scoped_reads" time="0.196" /><testcase classname="backend.tests.test_rbac.TestLegacyReceptionist" name="test_sensitive_routes_still_blocked" time="0.197" /><testcase classname="backend.tests.test_rbac.TestLegacyReceptionist" name="test_consultation_notes_all_endpoints_blocked[post-/consultation-notes-payload0]" time="0.100" /><testcase classname="backend.tests.test_rbac.TestLegacyReceptionist" name="test_consultation_notes_all_endpoints_blocked[get-/consultation-notes-None]" time="0.104" /><testcase classname="backend.tests.test_rbac.TestLegacyReceptionist" name="test_consultation_notes_all_endpoints_blocked[get-/consultation-notes/by-appointment/fake-id-None]" time="0.104" /><testcase classname="backend.tests.test_rbac.TestLegacyReceptionist" name="test_consultation_notes_all_endpoints_blocked[put-/consultation-notes/fake-id-payload3]" time="0.102" /><testcase classname="backend.tests.test_rbac.TestAdminLicenses" name="test_admin_login_response" time="0.338" /><testcase classname="backend.tests.test_rbac.TestAdminLicenses" name="test_admin_list_and_summary" time="0.232" /><testcase classname="backend.tests.test_rbac.TestAdminLicenses" name="test_non_admin_forbidden[/admin/licenses]" time="0.107" /><testcase classname="backend.tests.test_rbac.TestAdminLicenses" name="test_non_admin_forbidden[/admin/licenses/summary]" time="0.101" /><testcase classname="backend.tests.test_rbac.TestDoctorRegression" name="test_doctor_get_regressions[/medication-reminders-list]" time="0.136" /><testcase classname="backend.tests.test_rbac.TestDoctorRegression" name="test_doctor_get_regressions[/patient-portal/links-list]" time="0.103" /><testcase classname="backend.tests.test_rbac.TestDoctorRegression" name="test_doctor_get_regressions[/invoices-list]" time="0.100" /><testcase classname="backend.tests.test_rbac.TestDoctorRegression" name="test_doctor_account_has_doctor_role" time="0.130" /><testcase classname="backend.tests.test_rbac.TestDoctorRegression" name="test_doctor_consultation_note_create" time="0.097" /><testcase classname="backend.tests.test_rbac.TestDoctorRegression" name="test_doctor_hexa_command" time="1.774" /><testcase classname="backend.tests.test_rbac.TestDoctorRegression" name="test_doctor_drug_interactions" time="0.101" /><testcase classname="backend.tests.test_rbac.TestDoctorRegression" name="test_doctor_prescription_transcribe" time="2.575" /></testsuite></testsuites>