<?xml version="1.0" encoding="utf-8"?><testsuites name="pytest tests"><testsuite name="pytest" errors="0" failures="1" skipped="0" tests="15" time="7.997" timestamp="2026-08-10T18:14:44.678405+00:00" hostname="agent-env-ea14bf1a-122b-4afb-b875-6fa74ed89aaf"><testcase classname="backend.tests.test_iteration16_ux_phase_a.TestPrescriptionUXEndpoints" name="test_01_last_rx_fresh_then_returns_created_prescription" time="1.688" /><testcase classname="backend.tests.test_iteration16_ux_phase_a.TestPrescriptionUXEndpoints" name="test_02_outstanding_balance_fresh_then_sums_pending_and_partial" time="0.824" /><testcase classname="backend.tests.test_iteration16_ux_phase_a.TestPaymentVerification" name="test_01_verify_upi_and_gateway_without_saved_configuration" time="0.477" /><testcase classname="backend.tests.test_iteration16_ux_phase_a.TestPaymentVerification" name="test_02_valid_known_upi_invalid_save_and_unknown_handle" time="0.898" /><testcase classname="backend.tests.test_iteration16_ux_phase_a.TestPaymentVerification" name="test_03_bogus_razorpay_verification_is_graceful" time="1.079" /><testcase classname="backend.tests.test_iteration16_ux_phase_a.TestPaymentVerification" name="test_04_non_razorpay_format_check_and_gateway_delete" time="0.624" /><testcase classname="backend.tests.test_iteration16_ux_phase_a.TestInvoiceReceiptAndCashProtection" name="test_01_paid_invoice_receipt_noops_without_whatsapp_provider" time="0.366"><failure message="AssertionError: assert {'invoice_id'...t_sent': True} == {'invoice_id'..._sent': False}&#10;  &#10;  Omitting 1 identical items, use -vv to show&#10;  Differing items:&#10;  {'receipt_sent': True} != {'receipt_sent': False}&#10;  &#10;  Full diff:&#10;    {...&#10;  &#10;  ...Full output truncated (6 lines hidden), use '-vv' to show">backend/tests/test_iteration16_ux_phase_a.py:500: in test_01_paid_invoice_receipt_noops_without_whatsapp_provider
    assert response.json() == {"invoice_id": invoice["id"], "receipt_sent": False}
E   AssertionError: assert {'invoice_id'...t_sent': True} == {'invoice_id'..._sent': False}
E     
E     Omitting 1 identical items, use -vv to show
E     Differing items:
E     {'receipt_sent': True} != {'receipt_sent': False}
E     
E     Full diff:
E       {...
E     
E     ...Full output truncated (6 lines hidden), use '-vv' to show</failure></testcase><testcase classname="backend.tests.test_iteration16_ux_phase_a.TestInvoiceReceiptAndCashProtection" name="test_02_unpaid_invoice_receipt_is_400" time="0.385" /><testcase classname="backend.tests.test_iteration16_ux_phase_a.TestInvoiceReceiptAndCashProtection" name="test_03_other_owner_receipt_is_404" time="0.462" /><testcase classname="backend.tests.test_iteration16_ux_phase_a.TestInvoiceReceiptAndCashProtection" name="test_04_cash_overpayment_is_rejected_and_not_persisted" time="0.483" /><testcase classname="backend.tests.test_iteration16_ux_phase_a.TestPhaseARegressions" name="test_01_health_response" time="0.161" /><testcase classname="backend.tests.test_iteration16_ux_phase_a.TestPhaseARegressions" name="test_02_supplied_doctor_and_reviewer_logins" time="0.000" /><testcase classname="backend.tests.test_iteration16_ux_phase_a.TestPhaseARegressions" name="test_03_authenticated_list_endpoints[appointments]" time="0.117" /><testcase classname="backend.tests.test_iteration16_ux_phase_a.TestPhaseARegressions" name="test_03_authenticated_list_endpoints[clients]" time="0.111" /><testcase classname="backend.tests.test_iteration16_ux_phase_a.TestPhaseARegressions" name="test_04_safety_timeline" time="0.135" /></testsuite></testsuites>