<?xml version="1.0" encoding="utf-8"?><testsuites name="pytest tests"><testsuite name="pytest" errors="0" failures="0" skipped="1" tests="15" time="9.437" timestamp="2026-05-18T12:47:04.011371+00:00" hostname="agent-env-ea14bf1a-122b-4afb-b875-6fa74ed89aaf"><testcase classname="tests.test_consultation_notes_and_health.TestConsultationNotes" name="test_create_note_doctor_ok_no_id_leak" time="1.186" /><testcase classname="tests.test_consultation_notes_and_health.TestConsultationNotes" name="test_list_notes_scoped" time="0.156" /><testcase classname="tests.test_consultation_notes_and_health.TestConsultationNotes" name="test_by_appointment_filter" time="0.237" /><testcase classname="tests.test_consultation_notes_and_health.TestConsultationNotes" name="test_update_note" time="0.172" /><testcase classname="tests.test_consultation_notes_and_health.TestConsultationNotes" name="test_update_note_empty_400" time="0.157" /><testcase classname="tests.test_consultation_notes_and_health.TestConsultationNotes" name="test_update_note_not_found_404" time="0.161" /><testcase classname="tests.test_consultation_notes_and_health.TestConsultationNotes" name="test_recep_blocked_list" time="0.919" /><testcase classname="tests.test_consultation_notes_and_health.TestConsultationNotes" name="test_recep_blocked_create" time="0.151" /><testcase classname="tests.test_consultation_notes_and_health.TestConsultationNotes" name="test_recep_blocked_by_appt" time="0.147" /><testcase classname="tests.test_consultation_notes_and_health.TestConsultationNotes" name="test_recep_blocked_update" time="0.228" /><testcase classname="tests.test_consultation_notes_and_health.TestSchedulerHealth" name="test_scheduler_health_shape" time="0.173" /><testcase classname="tests.test_consultation_notes_and_health.TestSchedulerHealth" name="test_scheduler_med_reminders_recorded" time="0.241"><skipped type="pytest.skip" message="med-reminders cron hasn't ticked yet in this env">/app/backend/tests/test_consultation_notes_and_health.py:177: med-reminders cron hasn't ticked yet in this env</skipped></testcase><testcase classname="tests.test_consultation_notes_and_health.TestHexaOutbox" name="test_hexa_command_works" time="1.782" /><testcase classname="tests.test_consultation_notes_and_health.TestHexaOutbox" name="test_send_reminder_now_creates_outbox" time="3.506" /><testcase classname="tests.test_consultation_notes_and_health.TestRegression" name="test_transcribe_endpoint_reachable" time="0.158" /></testsuite></testsuites>