<?xml version="1.0" encoding="utf-8"?><testsuites name="pytest tests"><testsuite name="pytest" errors="0" failures="1" skipped="0" tests="62" time="25.828" timestamp="2026-05-18T13:54:32.171136+00:00" hostname="agent-env-ea14bf1a-122b-4afb-b875-6fa74ed89aaf"><testcase classname="tests.test_patient_portal.TestIssueLink" name="test_issue_link_shape" time="1.209" /><testcase classname="tests.test_patient_portal.TestIssueLink" name="test_ttl_clamp_upper" time="0.157" /><testcase classname="tests.test_patient_portal.TestIssueLink" name="test_ttl_clamp_lower" time="0.159" /><testcase classname="tests.test_patient_portal.TestIssueLink" name="test_recep_blocked_issue" time="0.915" /><testcase classname="tests.test_patient_portal.TestIssueLink" name="test_recep_blocked_list" time="0.171" /><testcase classname="tests.test_patient_portal.TestIssueLink" name="test_recep_blocked_revoke" time="0.154" /><testcase classname="tests.test_patient_portal.TestListLinks" name="test_list_includes_issued" time="0.148" /><testcase classname="tests.test_patient_portal.TestPublicEndpoints" name="test_profile_no_auth" time="0.183" /><testcase classname="tests.test_patient_portal.TestPublicEndpoints" name="test_prescriptions_no_auth_and_privacy" time="0.153" /><testcase classname="tests.test_patient_portal.TestPublicEndpoints" name="test_consultation_notes_no_auth_and_privacy" time="0.162" /><testcase classname="tests.test_patient_portal.TestPublicEndpoints" name="test_appointments_no_auth" time="0.149" /><testcase classname="tests.test_patient_portal.TestPublicEndpoints" name="test_medications_no_auth" time="0.146" /><testcase classname="tests.test_patient_portal.TestPublicEndpoints" name="test_payments_no_auth" time="0.179" /><testcase classname="tests.test_patient_portal.TestNegativeCases" name="test_bad_token_404" time="0.156" /><testcase classname="tests.test_patient_portal.TestNegativeCases" name="test_short_token_404" time="0.161" /><testcase classname="tests.test_patient_portal.TestNegativeCases" name="test_expired_token_410" time="0.240"><failure message="pymongo.errors.InvalidURI: Invalid URI scheme: URI must begin with 'mongodb://' or 'mongodb+srv://'">tests/test_patient_portal.py:255: in test_expired_token_410
    client = MongoClient(mongo_url)
             ^^^^^^^^^^^^^^^^^^^^^^
/root/.venv/lib/python3.11/site-packages/pymongo/mongo_client.py:766: in __init__
    res = uri_parser.parse_uri(
/root/.venv/lib/python3.11/site-packages/pymongo/uri_parser.py:496: in parse_uri
    raise InvalidURI(f"Invalid URI scheme: URI must begin with '{SCHEME}' or '{SRV_SCHEME}'")
E   pymongo.errors.InvalidURI: Invalid URI scheme: URI must begin with 'mongodb://' or 'mongodb+srv://'</failure></testcase><testcase classname="tests.test_patient_portal.TestZRevoke" name="test_revoke_then_410" time="0.809" /><testcase classname="tests.test_patient_portal.TestZRevoke" name="test_revoke_unknown_token_404" time="0.165" /><testcase classname="tests.test_consultation_notes_and_health.TestConsultationNotes" name="test_create_note_doctor_ok_no_id_leak" time="0.727" /><testcase classname="tests.test_consultation_notes_and_health.TestConsultationNotes" name="test_list_notes_scoped" time="0.249" /><testcase classname="tests.test_consultation_notes_and_health.TestConsultationNotes" name="test_by_appointment_filter" time="0.165" /><testcase classname="tests.test_consultation_notes_and_health.TestConsultationNotes" name="test_update_note" time="0.188" /><testcase classname="tests.test_consultation_notes_and_health.TestConsultationNotes" name="test_update_note_empty_400" time="0.153" /><testcase classname="tests.test_consultation_notes_and_health.TestConsultationNotes" name="test_update_note_not_found_404" time="0.151" /><testcase classname="tests.test_consultation_notes_and_health.TestConsultationNotes" name="test_recep_blocked_list" time="0.923" /><testcase classname="tests.test_consultation_notes_and_health.TestConsultationNotes" name="test_recep_blocked_create" time="0.145" /><testcase classname="tests.test_consultation_notes_and_health.TestConsultationNotes" name="test_recep_blocked_by_appt" time="0.154" /><testcase classname="tests.test_consultation_notes_and_health.TestConsultationNotes" name="test_recep_blocked_update" time="0.169" /><testcase classname="tests.test_consultation_notes_and_health.TestSchedulerHealth" name="test_scheduler_health_shape" time="0.153" /><testcase classname="tests.test_consultation_notes_and_health.TestSchedulerHealth" name="test_scheduler_med_reminders_recorded" time="0.155" /><testcase classname="tests.test_consultation_notes_and_health.TestHexaOutbox" name="test_hexa_command_works" time="1.407" /><testcase classname="tests.test_consultation_notes_and_health.TestHexaOutbox" name="test_send_reminder_now_creates_outbox" time="3.710" /><testcase classname="tests.test_consultation_notes_and_health.TestRegression" name="test_transcribe_endpoint_reachable" time="0.153" /><testcase classname="tests.test_medication_reminders.TestFrequencyParser" name="test_parse_frequency_variants" time="0.199" /><testcase classname="tests.test_medication_reminders.TestDurationParser" name="test_parse_duration_variants" time="0.000" /><testcase classname="tests.test_medication_reminders.TestPrescriptionAutoSchedule" name="test_create_rx_schedules_reminders" time="0.932" /><testcase classname="tests.test_medication_reminders.TestPrescriptionAutoSchedule" name="test_empty_frequency_does_not_500" time="0.335" /><testcase classname="tests.test_medication_reminders.TestReminderCRUD" name="test_list_reminders_scoped" time="0.159" /><testcase classname="tests.test_medication_reminders.TestReminderCRUD" name="test_pause_resume_invalid" time="0.800" /><testcase classname="tests.test_medication_reminders.TestReminderCRUD" name="test_update_missing_404" time="0.149" /><testcase classname="tests.test_medication_reminders.TestReminderCRUD" name="test_delete_works_and_404" time="0.697" /><testcase classname="tests.test_medication_reminders.TestReceptionistPermissions" name="test_recep_can_list_parents_reminders" time="1.052" /><testcase classname="tests.test_medication_reminders.TestReceptionistPermissions" name="test_recep_cannot_touch_other_doctors_reminders" time="0.152" /><testcase classname="tests.test_medication_reminders.TestSendDueJob" name="test_sends_once_then_dedups_and_completes_past_endate" time="0.008" /><testcase classname="tests.test_medication_reminders.TestConsultationsPagination" name="test_paginated_shape" time="0.161" /><testcase classname="tests.test_medication_reminders.TestConsultationsPagination" name="test_limit_offset_honored" time="0.160" /><testcase classname="tests.test_medication_reminders.TestConsultationsPagination" name="test_limit_clamp" time="0.150" /><testcase classname="tests.test_prescription_phase1.TestDrugInteractions" name="test_interacting_drugs_warfarin_aspirin" time="2.681" /><testcase classname="tests.test_prescription_phase1.TestDrugInteractions" name="test_non_interacting_single_drug" time="1.628" /><testcase classname="tests.test_prescription_phase1.TestDrugInteractions" name="test_empty_medications" time="0.155" /><testcase classname="tests.test_prescription_phase1.TestDrugInteractions" name="test_unauthenticated" time="0.143" /><testcase classname="tests.test_prescription_phase1.TestTranscribe" name="test_no_file_returns_422" time="0.153" /><testcase classname="tests.test_prescription_phase1.TestTranscribe" name="test_empty_file_returns_400" time="0.159" /><testcase classname="tests.test_prescription_phase1.TestTranscribe" name="test_unauthenticated_returns_401" time="0.151" /><testcase classname="tests.test_prescription_phase1.TestPrivateNotesHistory" name="test_returns_empty_for_unknown_patient" time="0.178" /><testcase classname="tests.test_prescription_phase1.TestPrivateNotesHistory" name="test_unauthenticated" time="0.166" /><testcase classname="tests.test_prescription_phase1.TestCreatePrescriptionPhase1" name="test_create_with_private_notes_and_tapering_and_abha_false" time="0.341" /><testcase classname="tests.test_prescription_phase1.TestCreatePrescriptionPhase1" name="test_private_notes_history_now_contains_new_note" time="0.153" /><testcase classname="tests.test_prescription_phase1.TestCreatePrescriptionPhase1" name="test_prescription_text_excludes_private_notes" time="0.161" /><testcase classname="tests.test_prescription_phase1.TestAbhaLinking" name="test_link_abha_400_when_patient_has_no_abha" time="0.156" /><testcase classname="tests.test_prescription_phase1.TestAbhaLinking" name="test_link_abha_200_after_adding_abha_to_patient" time="0.312" /><testcase classname="tests.test_prescription_phase1.TestAbhaLinking" name="test_create_prescription_links_abha_when_present" time="0.165" /></testsuite></testsuites>