<?xml version="1.0" encoding="utf-8"?><testsuites name="pytest tests"><testsuite name="pytest" errors="0" failures="1" skipped="0" tests="14" time="5.159" timestamp="2026-05-13T16:51:02.202975+00:00" hostname="agent-env-ea14bf1a-122b-4afb-b875-6fa74ed89aaf"><testcase classname="tests.test_medication_reminders.TestFrequencyParser" name="test_parse_frequency_variants" time="0.276" /><testcase classname="tests.test_medication_reminders.TestDurationParser" name="test_parse_duration_variants" time="0.000" /><testcase classname="tests.test_medication_reminders.TestPrescriptionAutoSchedule" name="test_create_rx_schedules_reminders" time="1.106" /><testcase classname="tests.test_medication_reminders.TestPrescriptionAutoSchedule" name="test_empty_frequency_does_not_500" time="0.290" /><testcase classname="tests.test_medication_reminders.TestReminderCRUD" name="test_list_reminders_scoped" time="0.212" /><testcase classname="tests.test_medication_reminders.TestReminderCRUD" name="test_pause_resume_invalid" time="0.742" /><testcase classname="tests.test_medication_reminders.TestReminderCRUD" name="test_update_missing_404" time="0.126" /><testcase classname="tests.test_medication_reminders.TestReminderCRUD" name="test_delete_works_and_404" time="0.513" /><testcase classname="tests.test_medication_reminders.TestReceptionistPermissions" name="test_recep_can_list_parents_reminders" time="0.975" /><testcase classname="tests.test_medication_reminders.TestReceptionistPermissions" name="test_recep_cannot_touch_other_doctors_reminders" time="0.118" /><testcase classname="tests.test_medication_reminders.TestSendDueJob" name="test_sends_once_then_dedups_and_completes_past_endate" time="0.008"><failure message="AssertionError: assert 'active' == 'completed'&#10;  &#10;  - completed&#10;  + active">tests/test_medication_reminders.py:282: in test_sends_once_then_dedups_and_completes_past_endate
    assert row3["status"] == "completed"
E   AssertionError: assert 'active' == 'completed'
E     
E     - completed
E     + active</failure></testcase><testcase classname="tests.test_medication_reminders.TestConsultationsPagination" name="test_paginated_shape" time="0.137" /><testcase classname="tests.test_medication_reminders.TestConsultationsPagination" name="test_limit_offset_honored" time="0.397" /><testcase classname="tests.test_medication_reminders.TestConsultationsPagination" name="test_limit_clamp" time="0.136" /></testsuite></testsuites>