<?xml version="1.0" encoding="utf-8"?><testsuites name="pytest tests"><testsuite name="pytest" errors="0" failures="0" skipped="0" tests="27" time="20.098" timestamp="2026-05-13T15:28:43.121949+00:00" hostname="agent-env-ea14bf1a-122b-4afb-b875-6fa74ed89aaf"><testcase classname="backend.tests.test_phase23.TestConsultations" name="test_create_list_get_update" time="3.202" /><testcase classname="backend.tests.test_phase23.TestConsultations" name="test_get_404" time="0.162" /><testcase classname="backend.tests.test_phase23.TestSOAP" name="test_soap_empty_400" time="0.125" /><testcase classname="backend.tests.test_phase23.TestSOAP" name="test_soap_generation_structure" time="5.409" /><testcase classname="backend.tests.test_phase23.TestTranscribeErrors" name="test_transcribe_no_file_422" time="0.187" /><testcase classname="backend.tests.test_phase23.TestTranscribeErrors" name="test_transcribe_empty_file_400" time="0.124" /><testcase classname="backend.tests.test_phase23.TestOPD" name="test_opd_structure_and_tier" time="0.160" /><testcase classname="backend.tests.test_phase23.TestClinics" name="test_create_and_list" time="0.375" /><testcase classname="backend.tests.test_phase23.TestClinics" name="test_update_clinic" time="0.125" /><testcase classname="backend.tests.test_phase23.TestClinics" name="test_update_no_changes_400" time="0.114" /><testcase classname="backend.tests.test_phase23.TestClinics" name="test_delete_nonexistent_404" time="0.405" /><testcase classname="backend.tests.test_phase23.TestSubUsers" name="test_max_2_per_clinic" time="1.452" /><testcase classname="backend.tests.test_phase23.TestSubUsers" name="test_email_unique" time="0.129" /><testcase classname="backend.tests.test_phase23.TestSubUsers" name="test_password_strength" time="0.125" /><testcase classname="backend.tests.test_phase23.TestSubUsers" name="test_delete_not_yours_404" time="0.120" /><testcase classname="backend.tests.test_phase23.TestReceptionistBoundary" name="test_appointments_clients_allowed" time="0.289" /><testcase classname="backend.tests.test_phase23.TestReceptionistBoundary" name="test_blocked_endpoints_403" time="0.653" /><testcase classname="backend.tests.test_phase23.TestReceptionistBoundary" name="test_prescription_create_blocked_403" time="0.167" /><testcase classname="backend.tests.test_phase23.TestReceptionistBoundary" name="test_receptionist_sees_parent_appointment" time="0.387" /><testcase classname="backend.tests.test_phase23.TestHexa" name="test_empty_400" time="0.178" /><testcase classname="backend.tests.test_phase23.TestHexa" name="test_readonly_intents_execute[show today's appointments]" time="0.786" /><testcase classname="backend.tests.test_phase23.TestHexa" name="test_readonly_intents_execute[show unpaid invoices]" time="0.760" /><testcase classname="backend.tests.test_phase23.TestHexa" name="test_readonly_intents_execute[summarize day]" time="0.903" /><testcase classname="backend.tests.test_phase23.TestHexa" name="test_readonly_intents_execute[search patient John]" time="0.886" /><testcase classname="backend.tests.test_phase23.TestHexa" name="test_send_reminder_requires_confirmation" time="1.043" /><testcase classname="backend.tests.test_phase23.TestHexa" name="test_update_bot_instructions_requires_confirmation" time="1.312" /><testcase classname="backend.tests.test_phase23.TestUnauth" name="test_consultations_no_auth_401" time="0.431" /></testsuite></testsuites>