<?xml version="1.0" encoding="utf-8"?><testsuites name="pytest tests"><testsuite name="pytest" errors="0" failures="0" skipped="0" tests="15" time="5.744" timestamp="2026-05-13T15:03:14.013000+00:00" hostname="agent-env-ea14bf1a-122b-4afb-b875-6fa74ed89aaf"><testcase classname="backend.tests.test_prescription_phase1.TestDrugInteractions" name="test_interacting_drugs_warfarin_aspirin" time="2.333" /><testcase classname="backend.tests.test_prescription_phase1.TestDrugInteractions" name="test_non_interacting_single_drug" time="1.044" /><testcase classname="backend.tests.test_prescription_phase1.TestDrugInteractions" name="test_empty_medications" time="0.134" /><testcase classname="backend.tests.test_prescription_phase1.TestDrugInteractions" name="test_unauthenticated" time="0.151" /><testcase classname="backend.tests.test_prescription_phase1.TestTranscribe" name="test_no_file_returns_422" time="0.139" /><testcase classname="backend.tests.test_prescription_phase1.TestTranscribe" name="test_empty_file_returns_400" time="0.181" /><testcase classname="backend.tests.test_prescription_phase1.TestTranscribe" name="test_unauthenticated_returns_401" time="0.217" /><testcase classname="backend.tests.test_prescription_phase1.TestPrivateNotesHistory" name="test_returns_empty_for_unknown_patient" time="0.142" /><testcase classname="backend.tests.test_prescription_phase1.TestPrivateNotesHistory" name="test_unauthenticated" time="0.131" /><testcase classname="backend.tests.test_prescription_phase1.TestCreatePrescriptionPhase1" name="test_create_with_private_notes_and_tapering_and_abha_false" time="0.375" /><testcase classname="backend.tests.test_prescription_phase1.TestCreatePrescriptionPhase1" name="test_private_notes_history_now_contains_new_note" time="0.148" /><testcase classname="backend.tests.test_prescription_phase1.TestCreatePrescriptionPhase1" name="test_prescription_text_excludes_private_notes" time="0.130" /><testcase classname="backend.tests.test_prescription_phase1.TestAbhaLinking" name="test_link_abha_400_when_patient_has_no_abha" time="0.133" /><testcase classname="backend.tests.test_prescription_phase1.TestAbhaLinking" name="test_link_abha_200_after_adding_abha_to_patient" time="0.297" /><testcase classname="backend.tests.test_prescription_phase1.TestAbhaLinking" name="test_create_prescription_links_abha_when_present" time="0.137" /></testsuite></testsuites>