<?xml version="1.0" encoding="utf-8"?><testsuites name="pytest tests"><testsuite name="pytest" errors="0" failures="0" skipped="0" tests="23" time="14.184" timestamp="2026-05-13T16:25:49.706123+00:00" hostname="agent-env-ea14bf1a-122b-4afb-b875-6fa74ed89aaf"><testcase classname="backend.tests.test_refactor_regression.TestPreexistingRoutes" name="test_login_returns_token" time="0.596" /><testcase classname="backend.tests.test_refactor_regression.TestPreexistingRoutes" name="test_auth_me" time="0.548" /><testcase classname="backend.tests.test_refactor_regression.TestPreexistingRoutes" name="test_appointments_list" time="0.128" /><testcase classname="backend.tests.test_refactor_regression.TestPreexistingRoutes" name="test_clients_list" time="0.120" /><testcase classname="backend.tests.test_refactor_regression.TestPreexistingRoutes" name="test_dashboard_analytics" time="0.125" /><testcase classname="backend.tests.test_refactor_regression.TestPreexistingRoutes" name="test_admin_users" time="0.510" /><testcase classname="backend.tests.test_refactor_regression.TestExtractedRoutersMounted" name="test_prescriptions_list" time="0.140" /><testcase classname="backend.tests.test_refactor_regression.TestExtractedRoutersMounted" name="test_consultations_list" time="0.112" /><testcase classname="backend.tests.test_refactor_regression.TestExtractedRoutersMounted" name="test_clinics_list" time="0.147" /><testcase classname="backend.tests.test_refactor_regression.TestExtractedRoutersMounted" name="test_clinics_sub_users" time="0.116" /><testcase classname="backend.tests.test_refactor_regression.TestExtractedRoutersMounted" name="test_opd_analytics_tier" time="0.157" /><testcase classname="backend.tests.test_refactor_regression.TestExtractedRoutersMounted" name="test_drug_interactions" time="3.965" /><testcase classname="backend.tests.test_refactor_regression.TestRefactorBehaviors" name="test_empty_email_coerces_to_none" time="0.299" /><testcase classname="backend.tests.test_refactor_regression.TestRefactorBehaviors" name="test_hexa_search_patient_regex_metacharacters[O'Brien]" time="1.189" /><testcase classname="backend.tests.test_refactor_regression.TestRefactorBehaviors" name="test_hexa_search_patient_regex_metacharacters[a.b*c]" time="0.953" /><testcase classname="backend.tests.test_refactor_regression.TestRefactorBehaviors" name="test_hexa_search_patient_regex_metacharacters[(test)+]" time="0.911" /><testcase classname="backend.tests.test_refactor_regression.TestRefactorBehaviors" name="test_hexa_search_patient_regex_metacharacters[?weird]" time="1.047" /><testcase classname="backend.tests.test_refactor_regression.TestRefactorBehaviors" name="test_hexa_write_intent_gated_by_confirmation" time="1.261" /><testcase classname="backend.tests.test_refactor_regression.TestReceptionistBoundary" name="test_blocked_consultations" time="0.994" /><testcase classname="backend.tests.test_refactor_regression.TestReceptionistBoundary" name="test_blocked_hexa" time="0.109" /><testcase classname="backend.tests.test_refactor_regression.TestReceptionistBoundary" name="test_blocked_opd" time="0.128" /><testcase classname="backend.tests.test_refactor_regression.TestReceptionistBoundary" name="test_allowed_appointments" time="0.127" /><testcase classname="backend.tests.test_refactor_regression.TestReceptionistBoundary" name="test_allowed_clients" time="0.427" /></testsuite></testsuites>