<?xml version="1.0" encoding="utf-8"?><testsuites name="pytest tests"><testsuite name="pytest" errors="0" failures="0" skipped="0" tests="42" time="25.878" timestamp="2026-05-13T16:24:45.507265+00:00" hostname="agent-env-ea14bf1a-122b-4afb-b875-6fa74ed89aaf"><testcase classname="backend.tests.test_prescription_phase1.TestDrugInteractions" name="test_interacting_drugs_warfarin_aspirin" time="2.192" /><testcase classname="backend.tests.test_prescription_phase1.TestDrugInteractions" name="test_non_interacting_single_drug" time="1.619" /><testcase classname="backend.tests.test_prescription_phase1.TestDrugInteractions" name="test_empty_medications" time="0.130" /><testcase classname="backend.tests.test_prescription_phase1.TestDrugInteractions" name="test_unauthenticated" time="0.177" /><testcase classname="backend.tests.test_prescription_phase1.TestTranscribe" name="test_no_file_returns_422" time="0.177" /><testcase classname="backend.tests.test_prescription_phase1.TestTranscribe" name="test_empty_file_returns_400" time="0.133" /><testcase classname="backend.tests.test_prescription_phase1.TestTranscribe" name="test_unauthenticated_returns_401" time="0.129" /><testcase classname="backend.tests.test_prescription_phase1.TestPrivateNotesHistory" name="test_returns_empty_for_unknown_patient" time="0.159" /><testcase classname="backend.tests.test_prescription_phase1.TestPrivateNotesHistory" name="test_unauthenticated" time="0.131" /><testcase classname="backend.tests.test_prescription_phase1.TestCreatePrescriptionPhase1" name="test_create_with_private_notes_and_tapering_and_abha_false" time="0.311" /><testcase classname="backend.tests.test_prescription_phase1.TestCreatePrescriptionPhase1" name="test_private_notes_history_now_contains_new_note" time="0.110" /><testcase classname="backend.tests.test_prescription_phase1.TestCreatePrescriptionPhase1" name="test_prescription_text_excludes_private_notes" time="0.122" /><testcase classname="backend.tests.test_prescription_phase1.TestAbhaLinking" name="test_link_abha_400_when_patient_has_no_abha" time="0.121" /><testcase classname="backend.tests.test_prescription_phase1.TestAbhaLinking" name="test_link_abha_200_after_adding_abha_to_patient" time="0.271" /><testcase classname="backend.tests.test_prescription_phase1.TestAbhaLinking" name="test_create_prescription_links_abha_when_present" time="0.134" /><testcase classname="backend.tests.test_phase23.TestConsultations" name="test_create_list_get_update" time="0.894" /><testcase classname="backend.tests.test_phase23.TestConsultations" name="test_get_404" time="0.113" /><testcase classname="backend.tests.test_phase23.TestSOAP" name="test_soap_empty_400" time="0.130" /><testcase classname="backend.tests.test_phase23.TestSOAP" name="test_soap_generation_structure" time="7.690" /><testcase classname="backend.tests.test_phase23.TestTranscribeErrors" name="test_transcribe_no_file_422" time="0.165" /><testcase classname="backend.tests.test_phase23.TestTranscribeErrors" name="test_transcribe_empty_file_400" time="0.116" /><testcase classname="backend.tests.test_phase23.TestOPD" name="test_opd_structure_and_tier" time="0.157" /><testcase classname="backend.tests.test_phase23.TestClinics" name="test_create_and_list" time="0.372" /><testcase classname="backend.tests.test_phase23.TestClinics" name="test_update_clinic" time="0.119" /><testcase classname="backend.tests.test_phase23.TestClinics" name="test_update_no_changes_400" time="0.122" /><testcase classname="backend.tests.test_phase23.TestClinics" name="test_delete_nonexistent_404" time="0.599" /><testcase classname="backend.tests.test_phase23.TestSubUsers" name="test_max_2_per_clinic" time="1.520" /><testcase classname="backend.tests.test_phase23.TestSubUsers" name="test_email_unique" time="0.110" /><testcase classname="backend.tests.test_phase23.TestSubUsers" name="test_password_strength" time="0.128" /><testcase classname="backend.tests.test_phase23.TestSubUsers" name="test_delete_not_yours_404" time="0.165" /><testcase classname="backend.tests.test_phase23.TestReceptionistBoundary" name="test_appointments_clients_allowed" time="0.262" /><testcase classname="backend.tests.test_phase23.TestReceptionistBoundary" name="test_blocked_endpoints_403" time="0.630" /><testcase classname="backend.tests.test_phase23.TestReceptionistBoundary" name="test_prescription_create_blocked_403" time="0.164" /><testcase classname="backend.tests.test_phase23.TestReceptionistBoundary" name="test_receptionist_sees_parent_appointment" time="0.418" /><testcase classname="backend.tests.test_phase23.TestHexa" name="test_empty_400" time="0.170" /><testcase classname="backend.tests.test_phase23.TestHexa" name="test_readonly_intents_execute[show today's appointments]" time="0.840" /><testcase classname="backend.tests.test_phase23.TestHexa" name="test_readonly_intents_execute[show unpaid invoices]" time="0.883" /><testcase classname="backend.tests.test_phase23.TestHexa" name="test_readonly_intents_execute[summarize day]" time="0.953" /><testcase classname="backend.tests.test_phase23.TestHexa" name="test_readonly_intents_execute[search patient John]" time="0.886" /><testcase classname="backend.tests.test_phase23.TestHexa" name="test_send_reminder_requires_confirmation" time="0.723" /><testcase classname="backend.tests.test_phase23.TestHexa" name="test_update_bot_instructions_requires_confirmation" time="1.111" /><testcase classname="backend.tests.test_phase23.TestUnauth" name="test_consultations_no_auth_401" time="0.446" /></testsuite></testsuites>